#
# A fatal error has been detected by the Java Runtime Environment:
#
#  EXCEPTION_UNCAUGHT_CXX_EXCEPTION (0xe06d7363) at pc=0x00007ffb67087788, pid=3164, tid=11412
#
# JRE version: Java(TM) SE Runtime Environment (8.0_45-b15) (build 1.8.0_45-b15)
# Java VM: Java HotSpot(TM) 64-Bit Server VM (25.45-b02 mixed mode windows-amd64 compressed oops)
# Problematic frame:
# C  [KERNELBASE.dll+0x17788]
#
# Failed to write core dump. Minidumps are not enabled by default on client versions of Windows
#
# If you would like to submit a bug report, please visit:
#   http://bugreport.java.com/bugreport/crash.jsp
#

---------------  T H R E A D  ---------------

Current thread (0x0000000013b87000):  VMThread [stack: 0x0000000014c20000,0x0000000014d20000] [id=11412]

siginfo: ExceptionCode=0xe06d7363, ExceptionInformation=0x0000000019930520 0x0000000014d1f648 0x00007ffb47be2cb8 0x00007ffb47b30000 

Registers:
RAX=0x004c0044002e006c, RBX=0x00007ffb47be2cb8, RCX=0x000000000000004c, RDX=0x0000000000000000
RSP=0x0000000014d1f490, RBP=0x0000000014d1f5d0, RSI=0x00000000ffffffff, RDI=0x000000001b51aed0
R8 =0x0000000000000000, R9 =0x0000000000000000, R10=0x0000000000000000, R11=0x0000000000000000
R12=0x0000000000000001, R13=0x0000000000000008, R14=0x0000000000000000, R15=0xffffffffffffffff
RIP=0x00007ffb67087788, EFLAGS=0x0000000000000206

Top of Stack: (sp=0x0000000014d1f490)
0x0000000014d1f490:   0000000000000000 00007ffb47be2cb8
0x0000000014d1f4a0:   00000000ffffffff 000000001b51aed0
0x0000000014d1f4b0:   00000001e06d7363 0000000000000000
0x0000000014d1f4c0:   00007ffb67087788 0000000000000004
0x0000000014d1f4d0:   0000000019930520 0000000014d1f648
0x0000000014d1f4e0:   00007ffb47be2cb8 00007ffb47b30000
0x0000000014d1f4f0:   0000000000000008 0000000000000001
0x0000000014d1f500:   000000001b51aed0 00000000ffffffff
0x0000000014d1f510:   0000000014d1f5d0 00007ffb6a6ac26f
0x0000000014d1f520:   0000000014d1f5e0 0000000000000000
0x0000000014d1f530:   00009189f2dc345c 0000000000000001
0x0000000014d1f540:   00007ffb47bf9000 00007ffb47b30000
0x0000000014d1f550:   00009ddcd821ec00 000000000000003f
0x0000000014d1f560:   00007ffb47be2cb8 00007ffb47b8e92c
0x0000000014d1f570:   000000000000001f 0000000000000008
0x0000000014d1f580:   0000000000000001 000000001b51aed0 

Instructions: (pc=0x00007ffb67087788)
0x00007ffb67087768:   49 8b d1 44 0f 47 c0 44 89 44 24 38 49 c1 e0 03
0x00007ffb67087778:   e8 07 55 06 00 48 8d 4c 24 20 ff 15 d0 08 13 00
0x00007ffb67087788:   48 8b 8c 24 c0 00 00 00 48 33 cc e8 98 1a 06 00
0x00007ffb67087798:   48 81 c4 d8 00 00 00 c3 83 64 24 38 00 eb d6 cc 


Register to memory mapping:

RAX=0x004c0044002e006c is an unknown value
RBX=0x00007ffb47be2cb8 is an unknown value
RCX=0x000000000000004c is an unknown value
RDX=0x0000000000000000 is an unknown value
RSP=0x0000000014d1f490 is an unknown value
RBP=0x0000000014d1f5d0 is an unknown value
RSI=0x00000000ffffffff is an unallocated location in the heap
RDI=0x000000001b51aed0 is an unknown value
R8 =0x0000000000000000 is an unknown value
R9 =0x0000000000000000 is an unknown value
R10=0x0000000000000000 is an unknown value
R11=0x0000000000000000 is an unknown value
R12=0x0000000000000001 is an unknown value
R13=0x0000000000000008 is an unknown value
R14=0x0000000000000000 is an unknown value
R15=0xffffffffffffffff is an unknown value


Stack: [0x0000000014c20000,0x0000000014d20000],  sp=0x0000000014d1f490,  free space=1021k
Native frames: (J=compiled Java code, j=interpreted, Vv=VM code, C=native code)
C  [KERNELBASE.dll+0x17788]
C  [MSVCR110.dll+0x5e92c]
C  [MSVCR110.dll+0x1315c]
C  [MSVCR110.dll+0x136a9]
C  [MSVCR110.dll+0x13e9c]
C  [MSVCR110.dll+0x239e]
C  [MSVCR110.dll+0xaf9e]
C  [MSVCP110.dll+0x397b9]
C  [librdi_common.dll+0x14283e]
C  [librdi_common.dll+0x141449]
C  0x00007ffb58242400
C  0x00007ffb58242682
C  [ntdll.dll+0x2a35f]
C  [ntdll.dll+0x806b]
C  [ntdll.dll+0x7d94]
C  [KERNEL32.DLL+0x1ce6a]
C  [MSVCR100.dll+0x20ccd]
V  [jvm.dll+0x20f135]
V  [jvm.dll+0x247ef7]
V  [jvm.dll+0x247196]
V  [jvm.dll+0x247631]
V  [jvm.dll+0x24784e]
V  [jvm.dll+0x29853a]
C  [MSVCR100.dll+0x21d9f]
C  [MSVCR100.dll+0x21e3b]
C  [KERNEL32.DLL+0x8364]
C  [ntdll.dll+0x670d1]

VM_Operation (0x000000000014f500): Exit, mode: safepoint, requested by thread 0x000000000269e000


---------------  P R O C E S S  ---------------

Java Threads: ( => current thread )
  0x000000001c054000 JavaThread "pool-2-thread-7" [_thread_blocked, id=1964, stack(0x000000003e340000,0x000000003e440000)]
  0x000000001757f000 JavaThread "pool-2-thread-6" [_thread_blocked, id=14716, stack(0x000000003d540000,0x000000003d640000)]
  0x000000001c58c000 JavaThread "pool-2-thread-5" [_thread_blocked, id=12276, stack(0x000000003be40000,0x000000003bf40000)]
  0x0000000017491000 JavaThread "pool-2-thread-4" [_thread_blocked, id=4600, stack(0x000000003ae40000,0x000000003af40000)]
  0x000000001c58b800 JavaThread "Set STDIO Tab defaults" [_thread_blocked, id=3876, stack(0x000000003a040000,0x000000003a140000)]
  0x000000001748d800 JavaThread "pool-2-thread-3" [_thread_blocked, id=6204, stack(0x0000000039d40000,0x0000000039e40000)]
  0x000000001757c000 JavaThread "pool-2-thread-2" [_thread_blocked, id=15428, stack(0x0000000038e40000,0x0000000038f40000)]
  0x000000001748e000 JavaThread "Set STDIO Tab defaults" [_thread_blocked, id=13532, stack(0x0000000038140000,0x0000000038240000)]
  0x000000001757c800 JavaThread "pool-2-thread-1" [_thread_blocked, id=416, stack(0x000000002a240000,0x000000002a340000)]
  0x0000000017579800 JavaThread "Thread-32" daemon [_thread_blocked, id=4232, stack(0x000000002a140000,0x000000002a240000)]
  0x0000000017483800 JavaThread "TCF Locator DNS Lookup" daemon [_thread_blocked, id=320, stack(0x0000000022330000,0x0000000022430000)]
  0x000000001c590000 JavaThread "TCF Locator Timer" daemon [_thread_blocked, id=16740, stack(0x0000000022230000,0x0000000022330000)]
  0x000000001c58e800 JavaThread "TCF Locator Receiver" daemon [_thread_in_native, id=2236, stack(0x0000000022130000,0x0000000022230000)]
  0x000000001c58d000 JavaThread "TCF Timer Dispatcher" daemon [_thread_blocked, id=12904, stack(0x0000000021670000,0x0000000021770000)]
  0x000000001646e800 JavaThread "EMF Reference Cleaner" daemon [_thread_blocked, id=5612, stack(0x0000000018240000,0x0000000018340000)]
  0x0000000015450800 JavaThread "Service Thread" daemon [_thread_blocked, id=10996, stack(0x0000000015820000,0x0000000015920000)]
  0x0000000013bce000 JavaThread "C1 CompilerThread2" daemon [_thread_blocked, id=13688, stack(0x0000000015320000,0x0000000015420000)]
  0x0000000013bc4800 JavaThread "C2 CompilerThread1" daemon [_thread_blocked, id=7360, stack(0x0000000015220000,0x0000000015320000)]
  0x0000000013bc2800 JavaThread "C2 CompilerThread0" daemon [_thread_blocked, id=11320, stack(0x0000000015120000,0x0000000015220000)]
  0x0000000013bbf000 JavaThread "Attach Listener" daemon [_thread_blocked, id=15484, stack(0x0000000015020000,0x0000000015120000)]
  0x0000000013bbd800 JavaThread "Signal Dispatcher" daemon [_thread_blocked, id=12008, stack(0x0000000014f20000,0x0000000015020000)]
  0x0000000002798000 JavaThread "Finalizer" daemon [_thread_blocked, id=7400, stack(0x0000000014e20000,0x0000000014f20000)]
  0x000000000278f000 JavaThread "Reference Handler" daemon [_thread_blocked, id=14300, stack(0x0000000014d20000,0x0000000014e20000)]
  0x000000000269e000 JavaThread "main" [_thread_blocked, id=15232, stack(0x0000000000050000,0x0000000000150000)]

Other Threads:
=>0x0000000013b87000 VMThread [stack: 0x0000000014c20000,0x0000000014d20000] [id=11412]

VM state:at safepoint (shutting down)

VM Mutex/Monitor currently owned by a thread:  ([mutex/lock_event])
[0x000000000269d980] Threads_lock - owner thread: 0x0000000013b87000

Heap:
 PSYoungGen      total 154112K, used 73129K [0x00000000f5580000, 0x00000000ffd00000, 0x0000000100000000)
  eden space 139264K, 49% used [0x00000000f5580000,0x00000000f9955610,0x00000000fdd80000)
  from space 14848K, 24% used [0x00000000fdd80000,0x00000000fe1150d8,0x00000000fec00000)
  to   space 14336K, 0% used [0x00000000fef00000,0x00000000fef00000,0x00000000ffd00000)
 ParOldGen       total 98816K, used 49568K [0x00000000e0000000, 0x00000000e6080000, 0x00000000f5580000)
  object space 98816K, 50% used [0x00000000e0000000,0x00000000e30683b8,0x00000000e6080000)
 Metaspace       used 88240K, capacity 95414K, committed 95744K, reserved 1132544K
  class space    used 10558K, capacity 12713K, committed 12800K, reserved 1048576K

Card table byte_map: [0x0000000011b60000,0x0000000011c70000] byte_map_base: 0x0000000011460000

Marking Bits: (ParMarkBitMap*) 0x0000000059464040
 Begin Bits: [0x0000000012120000, 0x0000000012920000)
 End Bits:   [0x0000000012920000, 0x0000000013120000)

Polling page: 0x0000000000480000

CodeCache: size=245760Kb used=52264Kb max_used=52264Kb free=193495Kb
 bounds [0x00000000027a0000, 0x0000000005b10000, 0x00000000117a0000]
 total_blobs=14594 nmethods=13742 adapters=758
 compilation: enabled

Compilation events (10 events):
Event: 1250.018 Thread 0x0000000013bce000 17479       3       org.eclipse.osgi.baseadaptor.bundlefile.MRUBundleFileList::removeInternal (37 bytes)
Event: 1250.018 Thread 0x0000000013bce000 nmethod 17479 0x000000000485f7d0 code [0x000000000485f940, 0x000000000485fdb0]
Event: 1250.057 Thread 0x0000000013bce000 17480       3       java.io.File::list (33 bytes)
Event: 1250.059 Thread 0x0000000013bce000 nmethod 17480 0x000000000485eb90 code [0x000000000485ed60, 0x000000000485f4a8]
Event: 1250.099 Thread 0x0000000013bc2800 17481       4       java.io.File::isDirectory (43 bytes)
Event: 1250.106 Thread 0x0000000013bc2800 nmethod 17481 0x0000000005afe510 code [0x0000000005afe660, 0x0000000005afe868]
Event: 1250.140 Thread 0x0000000013bce000 17482   !   3       org.eclipse.osgi.internal.baseadaptor.BaseStorage::compact (215 bytes)
Event: 1250.143 Thread 0x0000000013bce000 nmethod 17482 0x0000000005afea90 code [0x0000000005afeee0, 0x0000000005b013a8]
Event: 1250.328 Thread 0x0000000013bce000 17483       3       org.eclipse.osgi.framework.internal.core.AbstractBundle::close (52 bytes)
Event: 1250.329 Thread 0x0000000013bce000 nmethod 17483 0x0000000005afd050 code [0x0000000005afd280, 0x0000000005afdf88]

GC Heap History (10 events):
Event: 994.030 GC heap before
{Heap before GC invocations=45 (full 12):
 PSYoungGen      total 152064K, used 17878K [0x00000000f5580000, 0x00000000ffd80000, 0x0000000100000000)
  eden space 135168K, 10% used [0x00000000f5580000,0x00000000f62bcc48,0x00000000fd980000)
  from space 16896K, 25% used [0x00000000fe980000,0x00000000fedb8e50,0x00000000ffa00000)
  to   space 16384K, 0% used [0x00000000fd980000,0x00000000fd980000,0x00000000fe980000)
 ParOldGen       total 98816K, used 50113K [0x00000000e0000000, 0x00000000e6080000, 0x00000000f5580000)
  object space 98816K, 50% used [0x00000000e0000000,0x00000000e30f0610,0x00000000e6080000)
 Metaspace       used 86899K, capacity 94060K, committed 94208K, reserved 1130496K
  class space    used 10462K, capacity 12520K, committed 12544K, reserved 1048576K
Event: 994.039 GC heap after
Heap after GC invocations=45 (full 12):
 PSYoungGen      total 151552K, used 4180K [0x00000000f5580000, 0x00000000ffb80000, 0x0000000100000000)
  eden space 135168K, 0% used [0x00000000f5580000,0x00000000f5580000,0x00000000fd980000)
  from space 16384K, 25% used [0x00000000fd980000,0x00000000fdd950e8,0x00000000fe980000)
  to   space 15360K, 0% used [0x00000000fec80000,0x00000000fec80000,0x00000000ffb80000)
 ParOldGen       total 98816K, used 50121K [0x00000000e0000000, 0x00000000e6080000, 0x00000000f5580000)
  object space 98816K, 50% used [0x00000000e0000000,0x00000000e30f2610,0x00000000e6080000)
 Metaspace       used 86899K, capacity 94060K, committed 94208K, reserved 1130496K
  class space    used 10462K, capacity 12520K, committed 12544K, reserved 1048576K
}
Event: 994.039 GC heap before
{Heap before GC invocations=46 (full 13):
 PSYoungGen      total 151552K, used 4180K [0x00000000f5580000, 0x00000000ffb80000, 0x0000000100000000)
  eden space 135168K, 0% used [0x00000000f5580000,0x00000000f5580000,0x00000000fd980000)
  from space 16384K, 25% used [0x00000000fd980000,0x00000000fdd950e8,0x00000000fe980000)
  to   space 15360K, 0% used [0x00000000fec80000,0x00000000fec80000,0x00000000ffb80000)
 ParOldGen       total 98816K, used 50121K [0x00000000e0000000, 0x00000000e6080000, 0x00000000f5580000)
  object space 98816K, 50% used [0x00000000e0000000,0x00000000e30f2610,0x00000000e6080000)
 Metaspace       used 86899K, capacity 94060K, committed 94208K, reserved 1130496K
  class space    used 10462K, capacity 12520K, committed 12544K, reserved 1048576K
Event: 994.483 GC heap after
Heap after GC invocations=46 (full 13):
 PSYoungGen      total 151552K, used 0K [0x00000000f5580000, 0x00000000ffb80000, 0x0000000100000000)
  eden space 135168K, 0% used [0x00000000f5580000,0x00000000f5580000,0x00000000fd980000)
  from space 16384K, 0% used [0x00000000fd980000,0x00000000fd980000,0x00000000fe980000)
  to   space 15360K, 0% used [0x00000000fec80000,0x00000000fec80000,0x00000000ffb80000)
 ParOldGen       total 98816K, used 49883K [0x00000000e0000000, 0x00000000e6080000, 0x00000000f5580000)
  object space 98816K, 50% used [0x00000000e0000000,0x00000000e30b6db0,0x00000000e6080000)
 Metaspace       used 86890K, capacity 94042K, committed 94208K, reserved 1130496K
  class space    used 10461K, capacity 12517K, committed 12544K, reserved 1048576K
}
Event: 1058.139 GC heap before
{Heap before GC invocations=47 (full 13):
 PSYoungGen      total 151552K, used 48881K [0x00000000f5580000, 0x00000000ffb80000, 0x0000000100000000)
  eden space 135168K, 36% used [0x00000000f5580000,0x00000000f853c400,0x00000000fd980000)
  from space 16384K, 0% used [0x00000000fd980000,0x00000000fd980000,0x00000000fe980000)
  to   space 15360K, 0% used [0x00000000fec80000,0x00000000fec80000,0x00000000ffb80000)
 ParOldGen       total 98816K, used 49883K [0x00000000e0000000, 0x00000000e6080000, 0x00000000f5580000)
  object space 98816K, 50% used [0x00000000e0000000,0x00000000e30b6db0,0x00000000e6080000)
 Metaspace       used 87038K, capacity 94214K, committed 94592K, reserved 1130496K
  class space    used 10462K, capacity 12551K, committed 12672K, reserved 1048576K
Event: 1058.144 GC heap after
Heap after GC invocations=47 (full 13):
 PSYoungGen      total 153600K, used 1319K [0x00000000f5580000, 0x00000000ffa80000, 0x0000000100000000)
  eden space 139264K, 0% used [0x00000000f5580000,0x00000000f5580000,0x00000000fdd80000)
  from space 14336K, 9% used [0x00000000fec80000,0x00000000fedc9c60,0x00000000ffa80000)
  to   space 14848K, 0% used [0x00000000fdd80000,0x00000000fdd80000,0x00000000fec00000)
 ParOldGen       total 98816K, used 49891K [0x00000000e0000000, 0x00000000e6080000, 0x00000000f5580000)
  object space 98816K, 50% used [0x00000000e0000000,0x00000000e30b8db0,0x00000000e6080000)
 Metaspace       used 87038K, capacity 94214K, committed 94592K, reserved 1130496K
  class space    used 10462K, capacity 12551K, committed 12672K, reserved 1048576K
}
Event: 1058.144 GC heap before
{Heap before GC invocations=48 (full 14):
 PSYoungGen      total 153600K, used 1319K [0x00000000f5580000, 0x00000000ffa80000, 0x0000000100000000)
  eden space 139264K, 0% used [0x00000000f5580000,0x00000000f5580000,0x00000000fdd80000)
  from space 14336K, 9% used [0x00000000fec80000,0x00000000fedc9c60,0x00000000ffa80000)
  to   space 14848K, 0% used [0x00000000fdd80000,0x00000000fdd80000,0x00000000fec00000)
 ParOldGen       total 98816K, used 49891K [0x00000000e0000000, 0x00000000e6080000, 0x00000000f5580000)
  object space 98816K, 50% used [0x00000000e0000000,0x00000000e30b8db0,0x00000000e6080000)
 Metaspace       used 87038K, capacity 94214K, committed 94592K, reserved 1130496K
  class space    used 10462K, capacity 12551K, committed 12672K, reserved 1048576K
Event: 1058.518 GC heap after
Heap after GC invocations=48 (full 14):
 PSYoungGen      total 153600K, used 0K [0x00000000f5580000, 0x00000000ffa80000, 0x0000000100000000)
  eden space 139264K, 0% used [0x00000000f5580000,0x00000000f5580000,0x00000000fdd80000)
  from space 14336K, 0% used [0x00000000fec80000,0x00000000fec80000,0x00000000ffa80000)
  to   space 14848K, 0% used [0x00000000fdd80000,0x00000000fdd80000,0x00000000fec00000)
 ParOldGen       total 98816K, used 49560K [0x00000000e0000000, 0x00000000e6080000, 0x00000000f5580000)
  object space 98816K, 50% used [0x00000000e0000000,0x00000000e30663b8,0x00000000e6080000)
 Metaspace       used 87038K, capacity 94214K, committed 94592K, reserved 1130496K
  class space    used 10462K, capacity 12551K, committed 12672K, reserved 1048576K
}
Event: 1160.311 GC heap before
{Heap before GC invocations=49 (full 14):
 PSYoungGen      total 153600K, used 139264K [0x00000000f5580000, 0x00000000ffa80000, 0x0000000100000000)
  eden space 139264K, 100% used [0x00000000f5580000,0x00000000fdd80000,0x00000000fdd80000)
  from space 14336K, 0% used [0x00000000fec80000,0x00000000fec80000,0x00000000ffa80000)
  to   space 14848K, 0% used [0x00000000fdd80000,0x00000000fdd80000,0x00000000fec00000)
 ParOldGen       total 98816K, used 49560K [0x00000000e0000000, 0x00000000e6080000, 0x00000000f5580000)
  object space 98816K, 50% used [0x00000000e0000000,0x00000000e30663b8,0x00000000e6080000)
 Metaspace       used 87446K, capacity 94732K, committed 95104K, reserved 1132544K
  class space    used 10474K, capacity 12552K, committed 12672K, reserved 1048576K
Event: 1160.319 GC heap after
Heap after GC invocations=49 (full 14):
 PSYoungGen      total 154112K, used 3668K [0x00000000f5580000, 0x00000000ffd00000, 0x0000000100000000)
  eden space 139264K, 0% used [0x00000000f5580000,0x00000000f5580000,0x00000000fdd80000)
  from space 14848K, 24% used [0x00000000fdd80000,0x00000000fe1150d8,0x00000000fec00000)
  to   space 14336K, 0% used [0x00000000fef00000,0x00000000fef00000,0x00000000ffd00000)
 ParOldGen       total 98816K, used 49568K [0x00000000e0000000, 0x00000000e6080000, 0x00000000f5580000)
  object space 98816K, 50% used [0x00000000e0000000,0x00000000e30683b8,0x00000000e6080000)
 Metaspace       used 87446K, capacity 94732K, committed 95104K, reserved 1132544K
  class space    used 10474K, capacity 12552K, committed 12672K, reserved 1048576K
}

Deoptimization events (10 events):
Event: 1249.416 Thread 0x000000000269e000 Uncommon trap: reason=unstable_if action=reinterpret pc=0x000000000515dd64 method=org.eclipse.ui.internal.UILockListener.isUI()Z @ 7
Event: 1249.417 Thread 0x000000000269e000 Uncommon trap: reason=unstable_if action=reinterpret pc=0x000000000450f488 method=org.eclipse.swt.graphics.Resource.dispose()V @ 15
Event: 1249.941 Thread 0x000000001757a800 Uncommon trap: reason=unstable_if action=reinterpret pc=0x0000000004a54c10 method=org.eclipse.core.internal.jobs.JobManager.startJob(Lorg/eclipse/core/internal/jobs/Worker;)Lorg/eclipse/core/runtime/jobs/Job; @ 20
Event: 1249.955 Thread 0x000000000269e000 Uncommon trap: reason=unstable_if action=reinterpret pc=0x0000000003283484 method=org.eclipse.swt.widgets.Display.getSystemFont()Lorg/eclipse/swt/graphics/Font; @ 8
Event: 1249.960 Thread 0x000000000269e000 Uncommon trap: reason=null_check action=make_not_entrant pc=0x00000000031be114 method=org.eclipse.core.runtime.internal.adaptor.EclipseLazyStarter.shouldActivateFor(Ljava/lang/String;Lorg/eclipse/osgi/baseadaptor/BaseData;Lorg/eclipse/core/runtime/internaldO+Û‡“@
Event: 1249.964 Thread 0x0000000016088800 Uncommon trap: reason=unstable_if action=reinterpret pc=0x0000000003205ed0 method=org.eclipse.osgi.framework.internal.core.BundleContextImpl.dispatchEvent(Ljava/lang/Object;Ljava/lang/Object;ILjava/lang/Object;)V @ 16
Event: 1249.976 Thread 0x000000000269e000 Uncommon trap: reason=null_check action=maybe_recompile pc=0x0000000004b143b4 method=com.xilinx.sdk.targetmanager.internal.json.XMDJSONProcess.issueCommand(Ljava/lang/String;)Lcom/xilinx/sdk/targetmanager/internal/IXMDResult; @ 3
Event: 1249.984 Thread 0x000000000269e000 Uncommon trap: reason=unstable_if action=reinterpret pc=0x00000000043c64fc method=org.eclipse.core.internal.dtree.AbstractDataTreeNode.assembleWith([Lorg/eclipse/core/internal/dtree/AbstractDataTreeNode;[Lorg/eclipse/core/internal/dtree/AbstractDataTreeNod
Event: 1250.005 Thread 0x000000001757e000 Uncommon trap: reason=unstable_if action=reinterpret pc=0x0000000004a5a504 method=org.eclipse.core.internal.jobs.JobManager.nextJob()Lorg/eclipse/core/runtime/jobs/Job; @ 80
Event: 1250.328 Thread 0x000000000269e000 Uncommon trap: reason=unstable_if action=reinterpret pc=0x0000000002ce29d0 method=sun.reflect.UnsafeStaticObjectFieldAccessorImpl.set(Ljava/lang/Object;Ljava/lang/Object;)V @ 13

Internal exceptions (10 events):
Event: 1248.222 Thread 0x000000000269e000 Implicit null exception at 0x0000000003dd3949 to 0x0000000003dd4c29
Event: 1248.960 Thread 0x000000000269e000 Implicit null exception at 0x0000000004e3baa0 to 0x0000000004e3bdfd
Event: 1249.403 Thread 0x0000000017579000 Exception <a 'java/lang/InterruptedException'> (0x00000000f93e3c38) thrown at [C:\re\workspace\8-2-build-windows-amd64-cygwin\jdk8u45\3627\hotspot\src\share\vm\runtime\objectMonitor.cpp, line 1683]
Event: 1249.960 Thread 0x000000000269e000 Implicit null exception at 0x00000000031bc39b to 0x00000000031be0f1
Event: 1249.976 Thread 0x000000000269e000 Exception <a 'java/lang/NullPointerException'> (0x00000000f94bc068) thrown at [C:\re\workspace\8-2-build-windows-amd64-cygwin\jdk8u45\3627\hotspot\src\share\vm\prims\jvm.cpp, line 1386]
Event: 1250.022 Thread 0x0000000016293000 Exception <a 'java/lang/InterruptedException': sleep interrupted> (0x00000000f76b9348) thrown at [C:\re\workspace\8-2-build-windows-amd64-cygwin\jdk8u45\3627\hotspot\src\share\vm\prims\jvm.cpp, line 3211]
Event: 1250.024 Thread 0x000000001c590800 Exception <a 'java/lang/InterruptedException'> (0x00000000f9707b30) thrown at [C:\re\workspace\8-2-build-windows-amd64-cygwin\jdk8u45\3627\hotspot\src\share\vm\runtime\objectMonitor.cpp, line 1683]
Event: 1250.024 Thread 0x0000000016453800 Exception <a 'java/lang/InterruptedException'> (0x00000000f972c7b0) thrown at [C:\re\workspace\8-2-build-windows-amd64-cygwin\jdk8u45\3627\hotspot\src\share\vm\runtime\objectMonitor.cpp, line 1683]
Event: 1250.328 Thread 0x0000000016088800 Exception <a 'java/lang/InterruptedException'> (0x00000000f95d5dc8) thrown at [C:\re\workspace\8-2-build-windows-amd64-cygwin\jdk8u45\3627\hotspot\src\share\vm\runtime\objectMonitor.cpp, line 1683]
Event: 1250.328 Thread 0x000000000269e000 Implicit null exception at 0x0000000002ce26b7 to 0x0000000002ce29bd

Events (10 events):
Event: 1250.328 Thread 0x000000000269e000 DEOPT PACKING pc=0x0000000002ce29d0 sp=0x000000000014eae0
Event: 1250.328 Thread 0x000000000269e000 DEOPT UNPACKING pc=0x00000000027e582a sp=0x000000000014ea38 mode 2
Event: 1250.328 Thread 0x0000000015fa8800 Thread exited: 0x0000000015fa8800
Event: 1250.329 loading class java/util/IdentityHashMap$KeyIterator
Event: 1250.329 loading class java/util/IdentityHashMap$IdentityHashMapIterator
Event: 1250.330 loading class java/util/IdentityHashMap$IdentityHashMapIterator done
Event: 1250.330 loading class java/util/IdentityHashMap$KeyIterator done
Event: 1250.330 Thread 0x000000001c04e000 Thread added: 0x000000001c04e000
Event: 1250.330 Thread 0x000000001c04e000 Thread exited: 0x000000001c04e000
Event: 1250.332 Executing VM operation: Exit


Dynamic libraries:
0x0000000000400000 - 0x000000000044f000 	C:\Xilinx\SDK\2015.4\eclipse\win64.o\eclipse.exe
0x00007ffb6a660000 - 0x00007ffb6a831000 	C:\WINDOWS\SYSTEM32\ntdll.dll
0x00007ffb692a0000 - 0x00007ffb6934b000 	C:\WINDOWS\System32\KERNEL32.DLL
0x00007ffb67070000 - 0x00007ffb6728d000 	C:\WINDOWS\System32\KERNELBASE.dll
0x00007ffb65070000 - 0x00007ffb650ea000 	C:\WINDOWS\system32\apphelp.dll
0x00007ffb69460000 - 0x00007ffb695c5000 	C:\WINDOWS\System32\USER32.dll
0x00007ffb67b60000 - 0x00007ffb67b7e000 	C:\WINDOWS\System32\win32u.dll
0x00007ffb695d0000 - 0x00007ffb69604000 	C:\WINDOWS\System32\GDI32.dll
0x00007ffb66d20000 - 0x00007ffb66ea2000 	C:\WINDOWS\System32\gdi32full.dll
0x00007ffb69ae0000 - 0x00007ffb69b7e000 	C:\WINDOWS\System32\msvcrt.dll
0x00007ffb5ae20000 - 0x00007ffb5b099000 	C:\WINDOWS\WinSxS\amd64_microsoft.windows.common-controls_6595b64144ccf1df_6.0.14393.447_none_42191651c6827bb3\COMCTL32.dll
0x00007ffb69c50000 - 0x00007ffb69f18000 	C:\WINDOWS\System32\combase.dll
0x00007ffb67330000 - 0x00007ffb67425000 	C:\WINDOWS\System32\ucrtbase.dll
0x00007ffb69fc0000 - 0x00007ffb6a0e1000 	C:\WINDOWS\System32\RPCRT4.dll
0x00007ffb67b80000 - 0x00007ffb67bea000 	C:\WINDOWS\System32\bcryptPrimitives.dll
0x00007ffb69610000 - 0x00007ffb6963e000 	C:\WINDOWS\System32\IMM32.DLL
0x0000000072000000 - 0x0000000072012000 	C:\Xilinx\SDK\2015.4\eclipse\win64.o\plugins\org.eclipse.equinox.launcher.win32.win32.x86_64_1.1.200.v20140116-2212\eclipse_1503.dll
0x00007ffb693b0000 - 0x00007ffb69452000 	C:\WINDOWS\System32\ADVAPI32.dll
0x00007ffb69900000 - 0x00007ffb69959000 	C:\WINDOWS\System32\sechost.dll
0x00007ffb5a910000 - 0x00007ffb5a91a000 	C:\WINDOWS\SYSTEM32\VERSION.dll
0x00007ffb65150000 - 0x00007ffb651e5000 	C:\WINDOWS\system32\uxtheme.dll
0x00007ffb697a0000 - 0x00007ffb698fb000 	C:\WINDOWS\System32\MSCTF.dll
0x00007ffb69b90000 - 0x00007ffb69c4f000 	C:\WINDOWS\System32\OLEAUT32.dll
0x00007ffb67290000 - 0x00007ffb6732c000 	C:\WINDOWS\System32\msvcp_win.dll
0x0000000058c60000 - 0x00000000594e3000 	C:\Xilinx\SDK\2015.4\tps\win64\jre\bin\server\jvm.dll
0x00007ffb69b80000 - 0x00007ffb69b88000 	C:\WINDOWS\System32\PSAPI.DLL
0x00007ffb64ad0000 - 0x00007ffb64af3000 	C:\WINDOWS\SYSTEM32\WINMM.dll
0x0000000059780000 - 0x0000000059852000 	C:\WINDOWS\SYSTEM32\MSVCR100.dll
0x00007ffb5b130000 - 0x00007ffb5b139000 	C:\WINDOWS\SYSTEM32\WSOCK32.dll
0x0000000000490000 - 0x00000000004bb000 	C:\WINDOWS\SYSTEM32\WINMMBASE.dll
0x00007ffb69710000 - 0x00007ffb6977a000 	C:\WINDOWS\System32\WS2_32.dll
0x00007ffb67430000 - 0x00007ffb67472000 	C:\WINDOWS\System32\cfgmgr32.dll
0x000000005b3c0000 - 0x000000005b3cf000 	C:\Xilinx\SDK\2015.4\tps\win64\jre\bin\verify.dll
0x000000005b390000 - 0x000000005b3b9000 	C:\Xilinx\SDK\2015.4\tps\win64\jre\bin\java.dll
0x000000005b370000 - 0x000000005b386000 	C:\Xilinx\SDK\2015.4\tps\win64\jre\bin\zip.dll
0x00007ffb67d90000 - 0x00007ffb69299000 	C:\WINDOWS\System32\SHELL32.dll
0x00007ffb67480000 - 0x00007ffb67b5a000 	C:\WINDOWS\System32\windows.storage.dll
0x00007ffb66b00000 - 0x00007ffb66b4c000 	C:\WINDOWS\System32\powrprof.dll
0x00007ffb696b0000 - 0x00007ffb69702000 	C:\WINDOWS\System32\shlwapi.dll
0x00007ffb66af0000 - 0x00007ffb66aff000 	C:\WINDOWS\System32\kernel.appcore.dll
0x00007ffb66fc0000 - 0x00007ffb67069000 	C:\WINDOWS\System32\shcore.dll
0x00007ffb66ad0000 - 0x00007ffb66ae4000 	C:\WINDOWS\System32\profapi.dll
0x00007ffb66590000 - 0x00007ffb665a7000 	C:\WINDOWS\SYSTEM32\CRYPTSP.dll
0x00007ffb664a0000 - 0x00007ffb664d3000 	C:\WINDOWS\system32\rsaenh.dll
0x00007ffb666a0000 - 0x00007ffb666cb000 	C:\WINDOWS\SYSTEM32\bcrypt.dll
0x00007ffb661a0000 - 0x00007ffb661bf000 	C:\WINDOWS\SYSTEM32\USERENV.dll
0x00007ffb665b0000 - 0x00007ffb665bb000 	C:\WINDOWS\SYSTEM32\CRYPTBASE.dll
0x000000005b350000 - 0x000000005b36a000 	C:\Xilinx\SDK\2015.4\tps\win64\jre\bin\net.dll
0x00007ffb66320000 - 0x00007ffb6637c000 	C:\WINDOWS\system32\mswsock.dll
0x00007ffb660b0000 - 0x00007ffb660e8000 	C:\WINDOWS\SYSTEM32\IPHLPAPI.DLL
0x00007ffb699c0000 - 0x00007ffb699c8000 	C:\WINDOWS\System32\NSI.dll
0x00007ffb620c0000 - 0x00007ffb620d6000 	C:\WINDOWS\SYSTEM32\dhcpcsvc6.DLL
0x00007ffb62070000 - 0x00007ffb6208a000 	C:\WINDOWS\SYSTEM32\dhcpcsvc.DLL
0x000000005b330000 - 0x000000005b341000 	C:\Xilinx\SDK\2015.4\tps\win64\jre\bin\nio.dll
0x00007ffb57700000 - 0x00007ffb57716000 	C:\WINDOWS\system32\napinsp.dll
0x00007ffb57720000 - 0x00007ffb5773a000 	C:\WINDOWS\system32\pnrpnsp.dll
0x00007ffb643b0000 - 0x00007ffb643c8000 	C:\WINDOWS\system32\NLAapi.dll
0x00007ffb66100000 - 0x00007ffb661a0000 	C:\WINDOWS\SYSTEM32\DNSAPI.dll
0x00007ffb57740000 - 0x00007ffb5774e000 	C:\WINDOWS\System32\winrnr.dll
0x00007ffb63a40000 - 0x00007ffb63a55000 	C:\WINDOWS\System32\wshbth.dll
0x00007ffb5e520000 - 0x00007ffb5e52a000 	C:\Windows\System32\rasadhlp.dll
0x00007ffb5e670000 - 0x00007ffb5e6da000 	C:\WINDOWS\System32\fwpuclnt.dll
0x0000000017f40000 - 0x0000000017fe8000 	C:\Users\josem\.Xilinx\SDK\2015.4\org.eclipse.osgi\bundles\303\1\.cp\swt-win32-4335.dll
0x00007ffb6a520000 - 0x00007ffb6a657000 	C:\WINDOWS\System32\ole32.dll
0x00007ffb699d0000 - 0x00007ffb69aca000 	C:\WINDOWS\System32\comdlg32.dll
0x00007ffb66b50000 - 0x00007ffb66d19000 	C:\WINDOWS\System32\CRYPT32.dll
0x00007ffb66ac0000 - 0x00007ffb66ad0000 	C:\WINDOWS\System32\MSASN1.dll
0x00007ffb5b0a0000 - 0x00007ffb5b125000 	C:\WINDOWS\SYSTEM32\WINSPOOL.DRV
0x00007ffb5c770000 - 0x00007ffb5ca03000 	C:\WINDOWS\SYSTEM32\WININET.dll
0x00007ffb61650000 - 0x00007ffb61669000 	C:\WINDOWS\SYSTEM32\USP10.dll
0x00007ffb64720000 - 0x00007ffb64746000 	C:\WINDOWS\system32\dwmapi.dll
0x00007ffb64590000 - 0x00007ffb64715000 	C:\WINDOWS\SYSTEM32\propsys.dll
0x00007ffb69f20000 - 0x00007ffb69fbf000 	C:\WINDOWS\System32\clbcatq.dll
0x0000000018000000 - 0x000000001801e000 	C:\Users\josem\.Xilinx\SDK\2015.4\org.eclipse.osgi\bundles\303\1\.cp\swt-gdip-win32-4335.dll
0x00007ffb5ac80000 - 0x00007ffb5ae1a000 	C:\WINDOWS\WinSxS\amd64_microsoft.windows.gdiplus_6595b64144ccf1df_1.1.14393.321_none_72fe05dd211a5fae\gdiplus.dll
0x00007ffb640e0000 - 0x00007ffb64288000 	C:\WINDOWS\SYSTEM32\WindowsCodecs.dll
0x0000000180000000 - 0x0000000180012000 	C:\Users\josem\.Xilinx\SDK\2015.4\org.eclipse.osgi\bundles\121\1\.cp\os\win32\x86_64\localfile_1_0_0.dll
0x00007ffb61630000 - 0x00007ffb61641000 	C:\Users\josem\.Xilinx\SDK\2015.4\org.eclipse.osgi\bundles\124\1\.cp\jWinHttp-1.0.0.dll
0x00007ffb5e590000 - 0x00007ffb5e65d000 	C:\WINDOWS\SYSTEM32\WINHTTP.dll
0x00007ffb62710000 - 0x00007ffb62775000 	C:\WINDOWS\SYSTEM32\oleacc.dll
0x00007ffb61620000 - 0x00007ffb6162f000 	C:\Xilinx\SDK\2015.4\lib\win64.o\librdi_repo_manager.dll
0x00007ffb15550000 - 0x00007ffb15edd000 	C:\Xilinx\SDK\2015.4\lib\win64.o\librdi_common.dll
0x00007ffb590a0000 - 0x00007ffb590ca000 	C:\Xilinx\SDK\2015.4\lib\win64.o\libisl_sysinfo.dll
0x00007ffb48b40000 - 0x00007ffb48be7000 	C:\WINDOWS\SYSTEM32\MSVCP110.dll
0x00007ffb41520000 - 0x00007ffb4170c000 	C:\Xilinx\SDK\2015.4\lib\win64.o\librdi_hsm.dll
0x00007ffb47b30000 - 0x00007ffb47c04000 	C:\WINDOWS\SYSTEM32\MSVCR110.dll
0x00007ffb40210000 - 0x00007ffb4057e000 	C:\Xilinx\SDK\2015.4\lib\win64.o\libCOIN-all.dll
0x00007ffb195b0000 - 0x00007ffb197ce000 	C:\Xilinx\SDK\2015.4\lib\win64.o\libXil_lmgr11.dll
0x00007ffb566d0000 - 0x00007ffb56724000 	C:\Xilinx\SDK\2015.4\lib\win64.o\librdi_commonxillic.dll
0x00007ffb66eb0000 - 0x00007ffb66f05000 	C:\WINDOWS\System32\WINTRUST.dll
0x00007ffb5d7b0000 - 0x00007ffb5d7c0000 	C:\Xilinx\SDK\2015.4\lib\win64.o\libboost_date_time.dll
0x00007ffb58790000 - 0x00007ffb587b2000 	C:\Xilinx\SDK\2015.4\lib\win64.o\libboost_filesystem.dll
0x00007ffb4f320000 - 0x00007ffb4f394000 	C:\Xilinx\SDK\2015.4\lib\win64.o\libboost_program_options.dll
0x00007ffb3f6c0000 - 0x00007ffb3f7ba000 	C:\Xilinx\SDK\2015.4\lib\win64.o\libboost_regex.dll
0x00007ffb5d230000 - 0x00007ffb5d243000 	C:\Xilinx\SDK\2015.4\lib\win64.o\libboost_signals.dll
0x00007ffb5ac00000 - 0x00007ffb5ac09000 	C:\Xilinx\SDK\2015.4\lib\win64.o\libboost_system.dll
0x00007ffb59de0000 - 0x00007ffb59dfd000 	C:\Xilinx\SDK\2015.4\lib\win64.o\libboost_thread.dll
0x00007ffb5a460000 - 0x00007ffb5a46b000 	C:\Xilinx\SDK\2015.4\lib\win64.o\libboost_xilinx.dll
0x00007ffb4d100000 - 0x00007ffb4d180000 	C:\Xilinx\SDK\2015.4\lib\win64.o\libhdlpsolve.dll
0x00007ffb48c30000 - 0x00007ffb48cca000 	C:\Xilinx\SDK\2015.4\lib\win64.o\libhdxml.dll
0x00007ffb19170000 - 0x00007ffb195a4e00 	C:\Xilinx\SDK\2015.4\lib\win64.o\libisl_iostreams.dll
0x00007ffb58770000 - 0x00007ffb58785000 	C:\Xilinx\SDK\2015.4\lib\win64.o\pthreadVC2.dll
0x00007ffb18600000 - 0x00007ffb18730000 	C:\Xilinx\SDK\2015.4\lib\win64.o\librdi_curl.dll
0x00007ffb57240000 - 0x00007ffb57258000 	C:\Xilinx\SDK\2015.4\lib\win64.o\librdiconfig.dll
0x0000000058b30000 - 0x0000000058c57000 	C:\Xilinx\SDK\2015.4\lib\win64.o\tcl85t.dll
0x0000000022430000 - 0x0000000022693000 	C:\Xilinx\SDK\2015.4\lib\win64.o\xerces-c_3_1.dll
0x00007ffb5cdb0000 - 0x00007ffb5cf72000 	C:\WINDOWS\SYSTEM32\urlmon.dll
0x00007ffb566a0000 - 0x00007ffb566c3000 	C:\Xilinx\SDK\2015.4\lib\win64.o\librdizlib.dll
0x00007ffb4e3a0000 - 0x00007ffb4e3c3000 	C:\WINDOWS\SYSTEM32\VCOMP110.DLL
0x00007ffb183a0000 - 0x00007ffb185f5000 	C:\Xilinx\SDK\2015.4\lib\win64.o\librdi_ippcw.dll
0x00007ffb4e3f0000 - 0x00007ffb4e433000 	C:\Xilinx\SDK\2015.4\lib\win64.o\librdi_hdf.dll
0x00007ffb54cc0000 - 0x00007ffb54cd8000 	C:\WINDOWS\SYSTEM32\NETAPI32.dll
0x00007ffb5a390000 - 0x00007ffb5a39b000 	C:\Xilinx\SDK\2015.4\lib\win64.o\libboost_chrono.dll
0x00007ffb48550000 - 0x00007ffb48573000 	C:\Xilinx\SDK\2015.4\lib\win64.o\libisl_iosutils.dll
0x00007ffb5cae0000 - 0x00007ffb5cd83000 	C:\WINDOWS\SYSTEM32\iertutil.dll
0x00007ffb57220000 - 0x00007ffb57236000 	C:\Xilinx\SDK\2015.4\lib\win64.o\libboost_iostreams.dll
0x00007ffb14500000 - 0x00007ffb14d10000 	C:\Xilinx\SDK\2015.4\lib\win64.o\libXil_lmgr11FNP.dll
0x00007ffb6a0f0000 - 0x00007ffb6a519000 	C:\WINDOWS\System32\SETUPAPI.dll
0x00007ffb63ab0000 - 0x00007ffb63abc000 	C:\WINDOWS\SYSTEM32\snmpapi.dll
0x00007ffb64da0000 - 0x00007ffb64da7000 	C:\WINDOWS\SYSTEM32\msimg32.dll
0x00007ffb667c0000 - 0x00007ffb667ec000 	C:\WINDOWS\SYSTEM32\SspiCli.dll
0x00007ffb65790000 - 0x00007ffb657b8000 	C:\WINDOWS\SYSTEM32\DEVOBJ.dll
0x00007ffb564a0000 - 0x00007ffb564e2000 	C:\WINDOWS\SYSTEM32\edputil.dll
0x00007ffb61f70000 - 0x00007ffb61f7b000 	C:\WINDOWS\SYSTEM32\WINNSI.DLL
0x000000001f230000 - 0x000000001f233000 	C:\WINDOWS\SYSTEM32\icmp.Dll
0x00007ffb4f300000 - 0x00007ffb4f316000 	C:\Xilinx\SDK\2015.4\eclipse\win64.o\plugins\org.eclipse.cdt.core.win32.x86_64_5.2.0.201402142303\os\win32\x86_64\spawner.dll
0x00007ffb3f7c0000 - 0x00007ffb3faf1000 	C:\WINDOWS\System32\DriverStore\FileRepository\prnms003.inf_amd64_be4393c143e46548\Amd64\PrintConfig.dll
0x00007ffb48030000 - 0x00007ffb4805b000 	C:\WINDOWS\SYSTEM32\prntvpt.dll

VM Arguments:
jvm_args: -Dcom.xilinx.sdk.args.hwspec=D:/2015_2_zynq_labs/lab6/audio/audio.sdk/system_wrapper.hdf -Xms64m -Xmx512m & 
java_command: <unknown>
java_class_path (initial): C:\Xilinx\SDK\2015.4\eclipse\win64.o\\plugins/org.eclipse.equinox.launcher_1.3.0.v20130327-1440.jar
Launcher Type: generic

Environment Variables:
JAVA_HOME=C:\Program Files\Java\jdk1.8.0_102
PATH=C:/Xilinx/SDK/2015.4/tps/win64/jre/bin/server;C:/Xilinx/SDK/2015.4/tps/win64/jre/bin;C:/Xilinx/SDK/2015.4/tps/win64/jre/lib/amd64;C:\Xilinx\SDK\2015.4\gnuwin\bin;C:\Xilinx\SDK\2015.4\gnu\microblaze\nt\bin;C:\Xilinx\SDK\2015.4\gnu\microblaze\linux_toolchain\nt64_le\bin;C:\Xilinx\SDK\2015.4\gnu\microblaze\linux_toolchain\nt64_be\bin;C:\Xilinx\SDK\2015.4\gnu\arm\nt\bin;C:\Xilinx\SDK\2015.4\gnu\aarch64\nt\aarch64-none\bin;C:\Xilinx\SDK\2015.4\gnu\aarch64\nt\aarch64-linux\bin;C:\Xilinx\SDK\2015.4\gnu\armr5\nt\gcc-arm-none-eabi\bin;C:\Xilinx\SDK\2015.4\gnu\aarch32\nt\gcc-arm-none-eabi\bin;C:\Xilinx\SDK\2015.4\gnu\aarch32\nt\gcc-arm-linux-gnueabi\bin;C:\Xilinx\SDK\2015.4\bin;C:\Xilinx\SDK\2015.4\lib\win64.o;C:\Xilinx\SDK\2015.4\tps\win64\jre\bin\server;C:\Xilinx\SDK\2015.4\tps\win64\jre\bin;C:\Xilinx\Vivado\2015.4\ids_lite\ISE\bin\nt64;C:\Xilinx\Vivado\2015.4\ids_lite\ISE\lib\nt64;C:\Xilinx\Vivado\2015.4\bin;C:\Xilinx\Vivado\2015.4\lib\win64.o;C:\Xilinx\Vivado\2015.4\tps\win64\jre\bin\server;C:\Xilinx\Vivado\2015.4\tps\win64\jre\bin;C:\Xilinx\Vivado_HLS\2015.4\bin;C:\ProgramData\Oracle\Java\javapath;C:\Windows\system32;C:\Windows;C:\Windows\System32\Wbem;C:\Windows\System32\WindowsPowerShell\v1.0\;C:\Program Files\Java\jdk1.8.0_102\bin;C:\Program Files (x86)\NVIDIA Corporation\PhysX\Common;C:\Program Files (x86)\Skype\Phone\;C:\Program Files\Git\cmd;C:\Program Files (x86)\Bitvise SSH Client;C:\Users\josem\AppData\Local\Microsoft\WindowsApps;;d:\ProyectosXILINX\lab6_zed;
USERNAME=josem
OS=Windows_NT
PROCESSOR_IDENTIFIER=Intel64 Family 6 Model 69 Stepping 1, GenuineIntel



---------------  S Y S T E M  ---------------

OS: Windows 10.0 , 64 bit Build 14393 (10.0.14393.0)

CPU:total 4 (2 cores per cpu, 2 threads per core) family 6 model 69 stepping 1, cmov, cx8, fxsr, mmx, sse, sse2, sse3, ssse3, sse4.1, sse4.2, popcnt, avx, avx2, aes, clmul, erms, lzcnt, ht, tsc, tscinvbit, bmi1, bmi2

Memory: 4k page, physical 8290120k(3710792k free), swap 13240876k(7738076k free)

vm_info: Java HotSpot(TM) 64-Bit Server VM (25.45-b02) for windows-amd64 JRE (1.8.0_45-b15), built on Apr 30 2015 12:40:44 by "java_re" with MS VC++ 10.0 (VS2010)

time: Tue Dec 27 17:22:55 2016
elapsed time: 1250 seconds (0d 0h 20m 50s)

