#
# A fatal error has been detected by the Java Runtime Environment:
#
#  Internal Error (0xc000000d), pid=9172, tid=1304
#
# JRE version: Java(TM) SE Runtime Environment (8.0_25-b18) (build 1.8.0_25-b18)
# Java VM: Java HotSpot(TM) 64-Bit Server VM (25.25-b02 mixed mode windows-amd64 compressed oops)
# Problematic frame:
# C  [ntdll.dll+0x101e60]
#
# Failed to write core dump. Minidumps are not enabled by default on client versions of Windows
#
# If you would like to submit a bug report, please visit:
#   http://bugreport.sun.com/bugreport/crash.jsp
#

---------------  T H R E A D  ---------------

Current thread (0x0000000013a77800):  VMThread [stack: 0x0000000015760000,0x0000000015860000] [id=1304]

siginfo: ExceptionCode=0xc000000d

Registers:
RAX=0x0000000023a21d80, RBX=0xfffffffffffffffe, RCX=0x0000000000000000, RDX=0x000000001585ecd1
RSP=0x000000001585f1b0, RBP=0x00007ff956727408, RSI=0x0000000000000000, RDI=0x00000000000010a8
R8 =0x0000000023a21d00, R9 =0x0000000000000000, R10=0x00007ff97025b9b8, R11=0x0000000000000000
R12=0x0000000023b50c20, R13=0x00000000292bb130, R14=0x0000000023b50d28, R15=0x000000001585f328
RIP=0x00007ff970321e60, EFLAGS=0x0000000000000206

Top of Stack: (sp=0x000000001585f1b0)
0x000000001585f1b0:   000000001585f238 fffffffffffffffe
0x000000001585f1c0:   0000000000000000 00000000000010a8
0x000000001585f1d0:   00000000c000000d 0000000000000000
0x000000001585f1e0:   00007ff970321e60 0000000000000000
0x000000001585f1f0:   0000000000000000 0000000000000000
0x000000001585f200:   0000000000000000 0000000000000000
0x000000001585f210:   0000000000000000 0000000000000000
0x000000001585f220:   0000000000000000 0000000000000000
0x000000001585f230:   0000000000000000 0000000000000000
0x000000001585f240:   0000000000000000 0000000000000000
0x000000001585f250:   0000000000000000 0000000000000000
0x000000001585f260:   0000000000000000 0000000000000000
0x000000001585f270:   00008834edec122a 00007ff960199c58
0x000000001585f280:   0000000022f62880 00007ff9702c47f9
0x000000001585f290:   00000000000f0000 00000000001a0000
0x000000001585f2a0:   0000000022fc9940 0000000000004000 

Instructions: (pc=0x00007ff970321e60)
0x00007ff970321e40:   32 f9 ff c7 44 24 20 0d 00 00 c0 b9 57 00 00 00
0x00007ff970321e50:   e8 7b f3 f4 ff 90 48 8d 4c 24 20 e8 c0 1a f5 ff
0x00007ff970321e60:   eb 00 48 8b 8c 24 c0 00 00 00 48 33 cc e8 1e 07
0x00007ff970321e70:   f8 ff 48 81 c4 d8 00 00 00 c3 40 55 48 83 ec 20 


Register to memory mapping:

RAX=0x0000000023a21d80 is an unknown value
RBX=0xfffffffffffffffe is an unknown value
RCX=0x0000000000000000 is an unknown value
RDX=0x000000001585ecd1 is an unknown value
RSP=0x000000001585f1b0 is an unknown value
RBP=0x00007ff956727408 is an unknown value
RSI=0x0000000000000000 is an unknown value
RDI=0x00000000000010a8 is an unknown value
R8 =0x0000000023a21d00 is an unknown value
R9 =0x0000000000000000 is an unknown value
R10=0x00007ff97025b9b8 is an unknown value
R11=0x0000000000000000 is an unknown value
R12=0x0000000023b50c20 is an unknown value
R13=0x00000000292bb130 is an unknown value
R14=0x0000000023b50d28 is an unknown value
R15=0x000000001585f328 is an unknown value


Stack: [0x0000000015760000,0x0000000015860000],  sp=0x000000001585f1b0,  free space=1020k
Native frames: (J=compiled Java code, j=interpreted, Vv=VM code, C=native code)
C  [ntdll.dll+0x101e60]
C  [ntdll.dll+0xa47f9]
C  [KERNEL32.DLL+0x399a]
C  [MSVCR110.dll+0x752d]
C  [MSVCR110.dll+0x14cde]
C  [MSVCR110.dll+0x13edc]
C  [MSVCR110.dll+0x239e]
C  [MSVCR110.dll+0xaf9e]
C  [MSVCP110.dll+0x397b9]
C  [librdi_common.dll+0x135d02]
C  [librdi_common.dll+0x13447b]
C  0x00007ff9682f4874
C  0x00007ff9682f4af6
C  [ntdll.dll+0x1c324]
C  [ntdll.dll+0x1b732]
C  [ntdll.dll+0x18438]
C  [KERNEL32.DLL+0x516a]
C  [MSVCR100.dll+0x20ccd]
V  [jvm.dll+0x1f9c55]
V  [jvm.dll+0x2325e7]
V  [jvm.dll+0x231826]
V  [jvm.dll+0x231cc1]
V  [jvm.dll+0x231ede]
V  [jvm.dll+0x2852fa]
C  [MSVCR100.dll+0x21d9f]
C  [MSVCR100.dll+0x21e3b]
C  [KERNEL32.DLL+0x13d2]
C  [ntdll.dll+0x15444]

VM_Operation (0x000000000013f500): Exit, mode: safepoint, requested by thread 0x00000000021be000


---------------  P R O C E S S  ---------------

Java Threads: ( => current thread )
  0x0000000018b39800 JavaThread "Spawner Reaper" daemon [_thread_in_native, id=8496, stack(0x000000001fb60000,0x000000001fc60000)]
  0x000000001778e000 JavaThread "TCF Locator DNS Lookup" daemon [_thread_blocked, id=7324, stack(0x0000000021060000,0x0000000021160000)]
  0x0000000015e60000 JavaThread "TCF Locator Timer" daemon [_thread_blocked, id=4268, stack(0x0000000020f60000,0x0000000021060000)]
  0x0000000015e5d000 JavaThread "TCF Locator Receiver" daemon [_thread_blocked, id=6092, stack(0x0000000020e60000,0x0000000020f60000)]
  0x000000001778b800 JavaThread "TCF Timer Dispatcher" daemon [_thread_blocked, id=1004, stack(0x0000000020820000,0x0000000020920000)]
  0x0000000015e61000 JavaThread "EMF Reference Cleaner" daemon [_thread_blocked, id=5696, stack(0x000000001c4d0000,0x000000001c5d0000)]
  0x0000000015b01000 JavaThread "Service Thread" daemon [_thread_blocked, id=6108, stack(0x0000000016470000,0x0000000016570000)]
  0x0000000015aab800 JavaThread "C1 CompilerThread3" daemon [_thread_blocked, id=8500, stack(0x0000000016370000,0x0000000016470000)]
  0x0000000015aa4800 JavaThread "C2 CompilerThread2" daemon [_thread_blocked, id=10092, stack(0x0000000016270000,0x0000000016370000)]
  0x0000000015a9e000 JavaThread "C2 CompilerThread1" daemon [_thread_blocked, id=8772, stack(0x0000000016170000,0x0000000016270000)]
  0x0000000015a9c800 JavaThread "C2 CompilerThread0" daemon [_thread_blocked, id=9860, stack(0x0000000016070000,0x0000000016170000)]
  0x0000000013a8c800 JavaThread "Attach Listener" daemon [_thread_blocked, id=5672, stack(0x0000000015f70000,0x0000000016070000)]
  0x0000000013a8b800 JavaThread "Signal Dispatcher" daemon [_thread_blocked, id=3772, stack(0x0000000015e70000,0x0000000015f70000)]
  0x00000000022b8800 JavaThread "Finalizer" daemon [_thread_blocked, id=404, stack(0x0000000015960000,0x0000000015a60000)]
  0x0000000013a7b800 JavaThread "Reference Handler" daemon [_thread_blocked, id=9956, stack(0x0000000015860000,0x0000000015960000)]
  0x00000000021be000 JavaThread "main" [_thread_blocked, id=3948, stack(0x0000000000040000,0x0000000000140000)]

Other Threads:
=>0x0000000013a77800 VMThread [stack: 0x0000000015760000,0x0000000015860000] [id=1304]

VM state:at safepoint (shutting down)

VM Mutex/Monitor currently owned by a thread:  ([mutex/lock_event])
[0x00000000021bd080] Threads_lock - owner thread: 0x0000000013a77800

Heap:
 PSYoungGen      total 139776K, used 32254K [0x00000000f5580000, 0x00000000fdf80000, 0x0000000100000000)
  eden space 138240K, 23% used [0x00000000f5580000,0x00000000f74ff858,0x00000000fdc80000)
  from space 1536K, 0% used [0x00000000fde00000,0x00000000fde00000,0x00000000fdf80000)
  to   space 1536K, 0% used [0x00000000fdc80000,0x00000000fdc80000,0x00000000fde00000)
 ParOldGen       total 102912K, used 40363K [0x00000000e0000000, 0x00000000e6480000, 0x00000000f5580000)
  object space 102912K, 39% used [0x00000000e0000000,0x00000000e276ad20,0x00000000e6480000)
 Metaspace       used 81972K, capacity 87234K, committed 87640K, reserved 1126400K
  class space    used 9847K, capacity 11554K, committed 11648K, reserved 1048576K

Card table byte_map: [0x0000000011680000,0x0000000011790000] byte_map_base: 0x0000000010f80000

Marking Bits: (ParMarkBitMap*) 0x000000005255d490
 Begin Bits: [0x0000000011f90000, 0x0000000012790000)
 End Bits:   [0x0000000012790000, 0x0000000012f90000)

Polling page: 0x00000000003d0000

CodeCache: size=245760Kb used=40578Kb max_used=40578Kb free=205181Kb
 bounds [0x00000000022c0000, 0x0000000004ab0000, 0x00000000112c0000]
 total_blobs=12024 nmethods=11167 adapters=763
 compilation: enabled

Compilation events (10 events):
Event: 3301.460 Thread 0x0000000015aab800 14225       3       sun.security.util.ManifestEntryVerifier::verify (272 bytes)
Event: 3301.460 Thread 0x0000000015aab800 nmethod 14225 0x0000000004a9ccd0 code [0x0000000004a9cfc0, 0x0000000004a9e928]
Event: 3301.460 Thread 0x0000000015aab800 14226       3       java.util.jar.JarVerifier::mapSignersToCertArray (57 bytes)
Event: 3301.461 Thread 0x0000000015aab800 nmethod 14226 0x0000000004a7bad0 code [0x0000000004a7bca0, 0x0000000004a7c5a8]
Event: 3301.461 Thread 0x0000000015aab800 14227  s    1       org.eclipse.osgi.framework.internal.core.BundleRepository::getBundles (5 bytes)
Event: 3301.461 Thread 0x0000000015aab800 nmethod 14227 0x0000000004a7b690 code [0x0000000004a7b7e0, 0x0000000004a7ba50]
Event: 3301.473 Thread 0x0000000015aab800 14228   !   3       org.eclipse.osgi.internal.baseadaptor.BaseStorage::compact (215 bytes)
Event: 3301.475 Thread 0x0000000015aab800 nmethod 14228 0x0000000004a9f5d0 code [0x0000000004a9fa00, 0x0000000004aa1e68]
Event: 3301.475 Thread 0x0000000015aab800 14229       3       org.eclipse.osgi.framework.internal.core.AbstractBundle::close (52 bytes)
Event: 3301.475 Thread 0x0000000015aab800 nmethod 14229 0x0000000004aa3250 code [0x0000000004aa3480, 0x0000000004aa4168]

GC Heap History (10 events):
Event: 3138.639 GC heap before
{Heap before GC invocations=123 (full 55):
 PSYoungGen      total 139776K, used 256K [0x00000000f5580000, 0x00000000fdf80000, 0x0000000100000000)
  eden space 138240K, 0% used [0x00000000f5580000,0x00000000f5580000,0x00000000fdc80000)
  from space 1536K, 16% used [0x00000000fde00000,0x00000000fde40000,0x00000000fdf80000)
  to   space 1536K, 0% used [0x00000000fdc80000,0x00000000fdc80000,0x00000000fde00000)
 ParOldGen       total 102912K, used 40330K [0x00000000e0000000, 0x00000000e6480000, 0x00000000f5580000)
  object space 102912K, 39% used [0x00000000e0000000,0x00000000e2762a78,0x00000000e6480000)
 Metaspace       used 81115K, capacity 86330K, committed 86488K, reserved 1124352K
  class space    used 9753K, capacity 11487K, committed 11520K, reserved 1048576K
Event: 3138.725 GC heap after
Heap after GC invocations=123 (full 55):
 PSYoungGen      total 139776K, used 0K [0x00000000f5580000, 0x00000000fdf80000, 0x0000000100000000)
  eden space 138240K, 0% used [0x00000000f5580000,0x00000000f5580000,0x00000000fdc80000)
  from space 1536K, 0% used [0x00000000fde00000,0x00000000fde00000,0x00000000fdf80000)
  to   space 1536K, 0% used [0x00000000fdc80000,0x00000000fdc80000,0x00000000fde00000)
 ParOldGen       total 102912K, used 40330K [0x00000000e0000000, 0x00000000e6480000, 0x00000000f5580000)
  object space 102912K, 39% used [0x00000000e0000000,0x00000000e2762a78,0x00000000e6480000)
 Metaspace       used 81115K, capacity 86330K, committed 86488K, reserved 1124352K
  class space    used 9753K, capacity 11487K, committed 11520K, reserved 1048576K
}
Event: 3198.636 GC heap before
{Heap before GC invocations=124 (full 55):
 PSYoungGen      total 139776K, used 4178K [0x00000000f5580000, 0x00000000fdf80000, 0x0000000100000000)
  eden space 138240K, 3% used [0x00000000f5580000,0x00000000f5994930,0x00000000fdc80000)
  from space 1536K, 0% used [0x00000000fde00000,0x00000000fde00000,0x00000000fdf80000)
  to   space 1536K, 0% used [0x00000000fdc80000,0x00000000fdc80000,0x00000000fde00000)
 ParOldGen       total 102912K, used 40330K [0x00000000e0000000, 0x00000000e6480000, 0x00000000f5580000)
  object space 102912K, 39% used [0x00000000e0000000,0x00000000e2762a78,0x00000000e6480000)
 Metaspace       used 81115K, capacity 86330K, committed 86488K, reserved 1124352K
  class space    used 9753K, capacity 11487K, committed 11520K, reserved 1048576K
Event: 3198.640 GC heap after
Heap after GC invocations=124 (full 55):
 PSYoungGen      total 139776K, used 224K [0x00000000f5580000, 0x00000000fdf80000, 0x0000000100000000)
  eden space 138240K, 0% used [0x00000000f5580000,0x00000000f5580000,0x00000000fdc80000)
  from space 1536K, 14% used [0x00000000fdc80000,0x00000000fdcb8000,0x00000000fde00000)
  to   space 1536K, 0% used [0x00000000fde00000,0x00000000fde00000,0x00000000fdf80000)
 ParOldGen       total 102912K, used 40330K [0x00000000e0000000, 0x00000000e6480000, 0x00000000f5580000)
  object space 102912K, 39% used [0x00000000e0000000,0x00000000e2762a78,0x00000000e6480000)
 Metaspace       used 81115K, capacity 86330K, committed 86488K, reserved 1124352K
  class space    used 9753K, capacity 11487K, committed 11520K, reserved 1048576K
}
Event: 3198.640 GC heap before
{Heap before GC invocations=125 (full 56):
 PSYoungGen      total 139776K, used 224K [0x00000000f5580000, 0x00000000fdf80000, 0x0000000100000000)
  eden space 138240K, 0% used [0x00000000f5580000,0x00000000f5580000,0x00000000fdc80000)
  from space 1536K, 14% used [0x00000000fdc80000,0x00000000fdcb8000,0x00000000fde00000)
  to   space 1536K, 0% used [0x00000000fde00000,0x00000000fde00000,0x00000000fdf80000)
 ParOldGen       total 102912K, used 40330K [0x00000000e0000000, 0x00000000e6480000, 0x00000000f5580000)
  object space 102912K, 39% used [0x00000000e0000000,0x00000000e2762a78,0x00000000e6480000)
 Metaspace       used 81115K, capacity 86330K, committed 86488K, reserved 1124352K
  class space    used 9753K, capacity 11487K, committed 11520K, reserved 1048576K
Event: 3198.765 GC heap after
Heap after GC invocations=125 (full 56):
 PSYoungGen      total 139776K, used 0K [0x00000000f5580000, 0x00000000fdf80000, 0x0000000100000000)
  eden space 138240K, 0% used [0x00000000f5580000,0x00000000f5580000,0x00000000fdc80000)
  from space 1536K, 0% used [0x00000000fdc80000,0x00000000fdc80000,0x00000000fde00000)
  to   space 1536K, 0% used [0x00000000fde00000,0x00000000fde00000,0x00000000fdf80000)
 ParOldGen       total 102912K, used 40330K [0x00000000e0000000, 0x00000000e6480000, 0x00000000f5580000)
  object space 102912K, 39% used [0x00000000e0000000,0x00000000e2762a78,0x00000000e6480000)
 Metaspace       used 81115K, capacity 86330K, committed 86488K, reserved 1124352K
  class space    used 9753K, capacity 11487K, committed 11520K, reserved 1048576K
}
Event: 3258.643 GC heap before
{Heap before GC invocations=126 (full 56):
 PSYoungGen      total 139776K, used 4455K [0x00000000f5580000, 0x00000000fdf80000, 0x0000000100000000)
  eden space 138240K, 3% used [0x00000000f5580000,0x00000000f59d9eb8,0x00000000fdc80000)
  from space 1536K, 0% used [0x00000000fdc80000,0x00000000fdc80000,0x00000000fde00000)
  to   space 1536K, 0% used [0x00000000fde00000,0x00000000fde00000,0x00000000fdf80000)
 ParOldGen       total 102912K, used 40330K [0x00000000e0000000, 0x00000000e6480000, 0x00000000f5580000)
  object space 102912K, 39% used [0x00000000e0000000,0x00000000e2762a78,0x00000000e6480000)
 Metaspace       used 81120K, capacity 86330K, committed 86488K, reserved 1124352K
  class space    used 9753K, capacity 11487K, committed 11520K, reserved 1048576K
Event: 3258.645 GC heap after
Heap after GC invocations=126 (full 56):
 PSYoungGen      total 139776K, used 320K [0x00000000f5580000, 0x00000000fdf80000, 0x0000000100000000)
  eden space 138240K, 0% used [0x00000000f5580000,0x00000000f5580000,0x00000000fdc80000)
  from space 1536K, 20% used [0x00000000fde00000,0x00000000fde50000,0x00000000fdf80000)
  to   space 1536K, 0% used [0x00000000fdc80000,0x00000000fdc80000,0x00000000fde00000)
 ParOldGen       total 102912K, used 40338K [0x00000000e0000000, 0x00000000e6480000, 0x00000000f5580000)
  object space 102912K, 39% used [0x00000000e0000000,0x00000000e2764a78,0x00000000e6480000)
 Metaspace       used 81120K, capacity 86330K, committed 86488K, reserved 1124352K
  class space    used 9753K, capacity 11487K, committed 11520K, reserved 1048576K
}
Event: 3258.645 GC heap before
{Heap before GC invocations=127 (full 57):
 PSYoungGen      total 139776K, used 320K [0x00000000f5580000, 0x00000000fdf80000, 0x0000000100000000)
  eden space 138240K, 0% used [0x00000000f5580000,0x00000000f5580000,0x00000000fdc80000)
  from space 1536K, 20% used [0x00000000fde00000,0x00000000fde50000,0x00000000fdf80000)
  to   space 1536K, 0% used [0x00000000fdc80000,0x00000000fdc80000,0x00000000fde00000)
 ParOldGen       total 102912K, used 40338K [0x00000000e0000000, 0x00000000e6480000, 0x00000000f5580000)
  object space 102912K, 39% used [0x00000000e0000000,0x00000000e2764a78,0x00000000e6480000)
 Metaspace       used 81120K, capacity 86330K, committed 86488K, reserved 1124352K
  class space    used 9753K, capacity 11487K, committed 11520K, reserved 1048576K
Event: 3258.788 GC heap after
Heap after GC invocations=127 (full 57):
 PSYoungGen      total 139776K, used 0K [0x00000000f5580000, 0x00000000fdf80000, 0x0000000100000000)
  eden space 138240K, 0% used [0x00000000f5580000,0x00000000f5580000,0x00000000fdc80000)
  from space 1536K, 0% used [0x00000000fde00000,0x00000000fde00000,0x00000000fdf80000)
  to   space 1536K, 0% used [0x00000000fdc80000,0x00000000fdc80000,0x00000000fde00000)
 ParOldGen       total 102912K, used 40363K [0x00000000e0000000, 0x00000000e6480000, 0x00000000f5580000)
  object space 102912K, 39% used [0x00000000e0000000,0x00000000e276ad20,0x00000000e6480000)
 Metaspace       used 81120K, capacity 86330K, committed 86488K, reserved 1124352K
  class space    used 9753K, capacity 11487K, committed 11520K, reserved 1048576K
}

Deoptimization events (10 events):
Event: 3300.709 Thread 0x00000000021be000 Uncommon trap: reason=class_check action=maybe_recompile pc=0x00000000047bdb24 method=org.eclipse.e4.core.internal.contexts.ContextObjectSupplier$ContextInjectionListener.update(Lorg/eclipse/e4/core/contexts/IEclipseContext;I[Ljava/lang/Object;)Z @ 173
Event: 3300.722 Thread 0x00000000021be000 Uncommon trap: reason=bimorphic action=maybe_recompile pc=0x00000000041fb8d4 method=java.io.Writer.write(Ljava/lang/String;)V @ 7
Event: 3300.722 Thread 0x00000000021be000 Uncommon trap: reason=bimorphic action=maybe_recompile pc=0x00000000041fb8d4 method=java.io.Writer.write(Ljava/lang/String;)V @ 7
Event: 3300.722 Thread 0x00000000021be000 Uncommon trap: reason=bimorphic action=maybe_recompile pc=0x00000000041fb8d4 method=java.io.Writer.write(Ljava/lang/String;)V @ 7
Event: 3300.722 Thread 0x00000000021be000 Uncommon trap: reason=bimorphic action=maybe_recompile pc=0x00000000041fb8d4 method=java.io.Writer.write(Ljava/lang/String;)V @ 7
Event: 3301.273 Thread 0x00000000021be000 Uncommon trap: reason=null_check action=make_not_entrant pc=0x0000000002f4bcb4 method=org.eclipse.core.runtime.internal.adaptor.EclipseLazyStarter.shouldActivateFor(Ljava/lang/String;Lorg/eclipse/osgi/baseadaptor/BaseData;Lorg/eclipse/core/runtime/internalAc‰ ©@
Event: 3301.446 Thread 0x0000000018b32000 Uncommon trap: reason=unreached action=reinterpret pc=0x0000000003ce35b8 method=org.eclipse.core.internal.jobs.JobManager.nextJob()Lorg/eclipse/core/runtime/jobs/Job; @ 80
Event: 3301.447 Thread 0x0000000018b33000 Uncommon trap: reason=unreached action=reinterpret pc=0x0000000003ce35b8 method=org.eclipse.core.internal.jobs.JobManager.nextJob()Lorg/eclipse/core/runtime/jobs/Job; @ 80
Event: 3301.474 Thread 0x00000000021be000 Uncommon trap: reason=unreached action=reinterpret pc=0x00000000029742b0 method=sun.reflect.UnsafeStaticObjectFieldAccessorImpl.set(Ljava/lang/Object;Ljava/lang/Object;)V @ 13
Event: 3301.475 Thread 0x0000000018b32000 Uncommon trap: reason=bimorphic action=maybe_recompile pc=0x00000000035ed1ec method=java.util.concurrent.CopyOnWriteArrayList.indexOf(Ljava/lang/Object;[Ljava/lang/Object;II)I @ 46

Internal exceptions (10 events):
Event: 3299.027 Thread 0x0000000018b3c000 Exception <a 'sun/net/ConnectionResetException': > (0x00000000f5c65590) thrown at [D:\re\workspace\8-2-build-windows-amd64-cygwin\jdk8u25\1677\hotspot\src\share\vm\prims\jni.cpp, line 742]
Event: 3299.027 Thread 0x0000000018b3d800 Exception <a 'java/net/SocketException': Connection reset by peer: socket write error> (0x00000000f5cae698) thrown at [D:\re\workspace\8-2-build-windows-amd64-cygwin\jdk8u25\1677\hotspot\src\share\vm\prims\jni.cpp, line 742]
Event: 3299.028 Thread 0x0000000018b3c000 Exception <a 'java/net/SocketException': Socket closed> (0x00000000f5d058c0) thrown at [D:\re\workspace\8-2-build-windows-amd64-cygwin\jdk8u25\1677\hotspot\src\share\vm\prims\jni.cpp, line 742]
Event: 3299.029 Thread 0x000000001a51a000 Exception <a 'java/lang/InterruptedException'> (0x00000000f5e62e50) thrown at [D:\re\workspace\8-2-build-windows-amd64-cygwin\jdk8u25\1677\hotspot\src\share\vm\runtime\objectMonitor.cpp, line 1682]
Event: 3300.628 Thread 0x00000000021be000 Implicit null exception at 0x0000000003e7cb24 to 0x0000000003e7ce59
Event: 3301.273 Thread 0x00000000021be000 Implicit null exception at 0x0000000002f4b45b to 0x0000000002f4bca5
Event: 3301.459 Thread 0x0000000017648000 Exception <a 'java/lang/InterruptedException'> (0x00000000f73042e0) thrown at [D:\re\workspace\8-2-build-windows-amd64-cygwin\jdk8u25\1677\hotspot\src\share\vm\runtime\objectMonitor.cpp, line 1682]
Event: 3301.459 Thread 0x0000000016abe800 Exception <a 'java/lang/InterruptedException'> (0x00000000f7311978) thrown at [D:\re\workspace\8-2-build-windows-amd64-cygwin\jdk8u25\1677\hotspot\src\share\vm\runtime\objectMonitor.cpp, line 1682]
Event: 3301.474 Thread 0x0000000016d77800 Exception <a 'java/lang/InterruptedException'> (0x00000000f7213c48) thrown at [D:\re\workspace\8-2-build-windows-amd64-cygwin\jdk8u25\1677\hotspot\src\share\vm\runtime\objectMonitor.cpp, line 1682]
Event: 3301.474 Thread 0x00000000021be000 Implicit null exception at 0x0000000002973e3e to 0x00000000029742a1

Events (10 events):
Event: 3301.475 Executing VM operation: RevokeBias
Event: 3301.475 Executing VM operation: RevokeBias done
Event: 3301.475 Executing VM operation: RevokeBias
Event: 3301.475 Executing VM operation: RevokeBias done
Event: 3301.475 Executing VM operation: RevokeBias
Event: 3301.475 Executing VM operation: RevokeBias done
Event: 3301.475 Executing VM operation: RevokeBias
Event: 3301.475 Executing VM operation: RevokeBias done
Event: 3301.475 Thread 0x0000000018b32000 Thread exited: 0x0000000018b32000
Event: 3301.476 Executing VM operation: Exit


Dynamic libraries:
0x0000000000400000 - 0x000000000044f000 	C:\Xilinx\SDK\2015.2\eclipse\win64.o\eclipse.exe
0x00007ff970220000 - 0x00007ff9703cc000 	C:\Windows\SYSTEM32\ntdll.dll
0x00007ff96f3f0000 - 0x00007ff96f52e000 	C:\Windows\system32\KERNEL32.DLL
0x00007ff96d4f0000 - 0x00007ff96d605000 	C:\Windows\system32\KERNELBASE.dll
0x00007ff96f270000 - 0x00007ff96f3e7000 	C:\Windows\system32\USER32.dll
0x00007ff96b680000 - 0x00007ff96b8fa000 	C:\Windows\WinSxS\amd64_microsoft.windows.common-controls_6595b64144ccf1df_6.0.9600.17810_none_6240b9c7ecbd0bda\COMCTL32.dll
0x00007ff96f7b0000 - 0x00007ff96f85a000 	C:\Windows\system32\msvcrt.dll
0x00007ff96db20000 - 0x00007ff96dc71000 	C:\Windows\system32\GDI32.dll
0x00007ff96fa20000 - 0x00007ff96fa56000 	C:\Windows\system32\IMM32.DLL
0x00007ff96f590000 - 0x00007ff96f6e2000 	C:\Windows\system32\MSCTF.dll
0x0000000072000000 - 0x0000000072012000 	C:\Xilinx\SDK\2015.2\eclipse\win64.o\plugins\org.eclipse.equinox.launcher.win32.win32.x86_64_1.1.200.v20140116-2212\eclipse_1503.dll
0x00007ff96fbf0000 - 0x00007ff96fc9a000 	C:\Windows\system32\ADVAPI32.dll
0x00007ff96b100000 - 0x00007ff96b10a000 	C:\Windows\SYSTEM32\VERSION.dll
0x00007ff96dac0000 - 0x00007ff96db19000 	C:\Windows\SYSTEM32\sechost.dll
0x00007ff96feb0000 - 0x00007ff96fff1000 	C:\Windows\system32\RPCRT4.dll
0x00007ff96bfe0000 - 0x00007ff96c109000 	C:\Windows\system32\uxtheme.dll
0x00007ff96d8a0000 - 0x00007ff96dab1000 	C:\Windows\SYSTEM32\combase.dll
0x0000000051d80000 - 0x00000000525da000 	C:\Xilinx\SDK\2015.2\tps\win64\jre\bin\server\jvm.dll
0x00007ff96ad60000 - 0x00007ff96ad69000 	C:\Windows\SYSTEM32\WSOCK32.dll
0x00007ff95e4c0000 - 0x00007ff95e4e2000 	C:\Windows\SYSTEM32\WINMM.dll
0x00007ff96f260000 - 0x00007ff96f267000 	C:\Windows\system32\PSAPI.DLL
0x00000000559e0000 - 0x0000000055ab2000 	C:\Windows\SYSTEM32\MSVCR100.dll
0x00007ff96f530000 - 0x00007ff96f58a000 	C:\Windows\system32\WS2_32.dll
0x00007ff95e490000 - 0x00007ff95e4ba000 	C:\Windows\SYSTEM32\WINMMBASE.dll
0x00007ff96fcc0000 - 0x00007ff96fcc9000 	C:\Windows\system32\NSI.dll
0x00007ff96d4a0000 - 0x00007ff96d4ef000 	C:\Windows\SYSTEM32\cfgmgr32.dll
0x00007ff96c170000 - 0x00007ff96c198000 	C:\Windows\SYSTEM32\DEVOBJ.dll
0x0000000053160000 - 0x000000005316f000 	C:\Xilinx\SDK\2015.2\tps\win64\jre\bin\verify.dll
0x00000000526d0000 - 0x00000000526f8000 	C:\Xilinx\SDK\2015.2\tps\win64\jre\bin\java.dll
0x0000000051c30000 - 0x0000000051c46000 	C:\Xilinx\SDK\2015.2\tps\win64\jre\bin\zip.dll
0x00007ff96dc80000 - 0x00007ff96f199000 	C:\Windows\system32\SHELL32.dll
0x00007ff96fb90000 - 0x00007ff96fbe4000 	C:\Windows\system32\SHLWAPI.dll
0x00007ff96bb30000 - 0x00007ff96bbe2000 	C:\Windows\SYSTEM32\SHCORE.dll
0x00007ff96d370000 - 0x00007ff96d385000 	C:\Windows\SYSTEM32\profapi.dll
0x00007ff96cd60000 - 0x00007ff96cd80000 	C:\Windows\SYSTEM32\CRYPTSP.dll
0x00007ff96c680000 - 0x00007ff96c6b6000 	C:\Windows\system32\rsaenh.dll
0x00007ff96ce50000 - 0x00007ff96ce76000 	C:\Windows\SYSTEM32\bcrypt.dll
0x00007ff96ca00000 - 0x00007ff96ca21000 	C:\Windows\SYSTEM32\USERENV.dll
0x00007ff96d1d0000 - 0x00007ff96d233000 	C:\Windows\system32\bcryptprimitives.dll
0x00007ff96d240000 - 0x00007ff96d24b000 	C:\Windows\SYSTEM32\CRYPTBASE.dll
0x0000000051c10000 - 0x0000000051c2a000 	C:\Xilinx\SDK\2015.2\tps\win64\jre\bin\net.dll
0x00007ff96cb50000 - 0x00007ff96cba9000 	C:\Windows\system32\mswsock.dll
0x00007ff967220000 - 0x00007ff96724a000 	C:\Windows\SYSTEM32\IPHLPAPI.DLL
0x00007ff9671d0000 - 0x00007ff9671da000 	C:\Windows\SYSTEM32\WINNSI.DLL
0x00007ff9669c0000 - 0x00007ff9669d6000 	C:\Windows\SYSTEM32\dhcpcsvc6.DLL
0x00007ff966860000 - 0x00007ff96687a000 	C:\Windows\SYSTEM32\dhcpcsvc.DLL
0x0000000051bf0000 - 0x0000000051c01000 	C:\Xilinx\SDK\2015.2\tps\win64\jre\bin\nio.dll
0x00007ff96f860000 - 0x00007ff96f9f4000 	C:\Windows\system32\ole32.dll
0x00007ff96c160000 - 0x00007ff96c16b000 	C:\Windows\SYSTEM32\kernel.appcore.dll
0x00007ff95ff50000 - 0x00007ff95ff65000 	C:\Windows\system32\napinsp.dll
0x00007ff960080000 - 0x00007ff96009a000 	C:\Windows\system32\pnrpnsp.dll
0x00007ff968880000 - 0x00007ff96889b000 	C:\Windows\system32\NLAapi.dll
0x00007ff96ca30000 - 0x00007ff96cad4000 	C:\Windows\SYSTEM32\DNSAPI.dll
0x00007ff9600a0000 - 0x00007ff9600ad000 	C:\Windows\System32\winrnr.dll
0x00007ff964630000 - 0x00007ff96463a000 	C:\Windows\System32\rasadhlp.dll
0x00007ff967120000 - 0x00007ff96718b000 	C:\Windows\System32\fwpuclnt.dll
0x0000000018840000 - 0x00000000188e8000 	C:\Users\aholzer.NI\.Xilinx\SDK\2015.2\org.eclipse.osgi\bundles\287\1\.cp\swt-win32-4335.dll
0x00007ff96fac0000 - 0x00007ff96fb81000 	C:\Windows\system32\OLEAUT32.dll
0x00007ff96f6f0000 - 0x00007ff96f7a6000 	C:\Windows\system32\comdlg32.dll
0x00007ff9642d0000 - 0x00007ff964352000 	C:\Windows\SYSTEM32\WINSPOOL.DRV
0x00007ff967fc0000 - 0x00007ff967fd6000 	C:\Windows\SYSTEM32\USP10.dll
0x00007ff965240000 - 0x00007ff96549a000 	C:\Windows\SYSTEM32\WININET.dll
0x00007ff96d6c0000 - 0x00007ff96d89f000 	C:\Windows\system32\CRYPT32.dll
0x00007ff9654a0000 - 0x00007ff965767000 	C:\Windows\SYSTEM32\iertutil.dll
0x00007ff96d420000 - 0x00007ff96d431000 	C:\Windows\system32\MSASN1.dll
0x00007ff96bee0000 - 0x00007ff96bf01000 	C:\Windows\system32\dwmapi.dll
0x00007ff968df0000 - 0x00007ff968f6f000 	C:\Windows\SYSTEM32\propsys.dll
0x00007ff96f1a0000 - 0x00007ff96f256000 	C:\Windows\SYSTEM32\clbcatq.dll
0x000000001ae00000 - 0x000000001ae1e000 	C:\Users\aholzer.NI\.Xilinx\SDK\2015.2\org.eclipse.osgi\bundles\287\1\.cp\swt-gdip-win32-4335.dll
0x00007ff95d6a0000 - 0x00007ff95d850000 	C:\Windows\WinSxS\amd64_microsoft.windows.gdiplus_6595b64144ccf1df_1.1.9600.17415_none_932b3b5547500489\gdiplus.dll
0x00007ff967530000 - 0x00007ff9676de000 	C:\Windows\SYSTEM32\WindowsCodecs.dll
0x00007ff967900000 - 0x00007ff967911000 	C:\Users\aholzer.NI\.Xilinx\SDK\2015.2\org.eclipse.osgi\bundles\116\1\.cp\jWinHttp-1.0.0.dll
0x00007ff968af0000 - 0x00007ff968bb9000 	C:\Windows\SYSTEM32\WINHTTP.dll
0x00007ff969ca0000 - 0x00007ff969d0a000 	C:\Windows\SYSTEM32\oleacc.dll
0x00007ff9329f0000 - 0x00007ff932a2e000 	C:\Windows\system32\mlang.dll
0x0000000180000000 - 0x0000000180012000 	C:\Users\aholzer.NI\.Xilinx\SDK\2015.2\org.eclipse.osgi\bundles\113\1\.cp\os\win32\x86_64\localfile_1_0_0.dll
0x00007ff958700000 - 0x00007ff9594c3000 	C:\Windows\System32\ieframe.dll
0x00007ff9657d0000 - 0x00007ff965955000 	C:\Windows\SYSTEM32\urlmon.dll
0x00007ff96d250000 - 0x00007ff96d2e9000 	C:\Windows\SYSTEM32\sxs.dll
0x00007ff96bf10000 - 0x00007ff96bf9e000 	C:\Windows\SYSTEM32\apphelp.dll
0x00007ff921ef0000 - 0x00007ff9236bd000 	C:\Windows\System32\mshtml.dll
0x00007ff962250000 - 0x00007ff96225c000 	C:\Windows\SYSTEM32\Secur32.dll
0x00007ff96d1a0000 - 0x00007ff96d1ce000 	C:\Windows\SYSTEM32\SSPICLI.DLL
0x00007ff96aec0000 - 0x00007ff96aed0000 	C:\Windows\system32\msimtf.dll
0x00007ff96d310000 - 0x00007ff96d356000 	C:\Windows\SYSTEM32\powrprof.dll
0x00007ff96a9d0000 - 0x00007ff96aa57000 	C:\Windows\SYSTEM32\dxgi.dll
0x00007ff96fcd0000 - 0x00007ff96feaa000 	C:\Windows\system32\SETUPAPI.dll
0x00007ff95f510000 - 0x00007ff95f991000 	C:\Windows\SYSTEM32\d2d1.dll
0x00007ff969d80000 - 0x00007ff969f6d000 	C:\Windows\SYSTEM32\DWrite.dll
0x00007ff96aa90000 - 0x00007ff96acc3000 	C:\Windows\SYSTEM32\d3d11.dll
0x00007ff966880000 - 0x00007ff9669b5000 	C:\Windows\System32\uiautomationcore.dll
0x00007ff932fc0000 - 0x00007ff933588000 	C:\Windows\System32\jscript9.dll
0x00007ff967ad0000 - 0x00007ff967ae0000 	C:\Xilinx\SDK\2015.2\lib\win64.o\librdi_repo_manager.dll
0x00007ff960280000 - 0x00007ff9602aa000 	C:\Xilinx\SDK\2015.2\lib\win64.o\libisl_sysinfo.dll
0x00007ff9215a0000 - 0x00007ff921ee3000 	C:\Xilinx\SDK\2015.2\lib\win64.o\librdi_common.dll
0x00007ff95d950000 - 0x00007ff95d9a4000 	C:\Xilinx\SDK\2015.2\lib\win64.o\librdi_commonxillic.dll
0x00007ff929e10000 - 0x00007ff929ff8000 	C:\Xilinx\SDK\2015.2\lib\win64.o\librdi_hsm.dll
0x00007ff956800000 - 0x00007ff9568a7000 	C:\Windows\SYSTEM32\MSVCP110.dll
0x00007ff956720000 - 0x00007ff9567f4000 	C:\Windows\SYSTEM32\MSVCR110.dll
0x00007ff935280000 - 0x00007ff935528000 	C:\Xilinx\SDK\2015.2\lib\win64.o\libCOIN-all.dll
0x00007ff932420000 - 0x00007ff932640000 	C:\Xilinx\SDK\2015.2\lib\win64.o\libXil_lmgr11.dll
0x00007ff967f80000 - 0x00007ff967f90000 	C:\Xilinx\SDK\2015.2\lib\win64.o\libboost_date_time.dll
0x00007ff9605b0000 - 0x00007ff9605d2000 	C:\Xilinx\SDK\2015.2\lib\win64.o\libboost_filesystem.dll
0x00007ff951600000 - 0x00007ff951674000 	C:\Xilinx\SDK\2015.2\lib\win64.o\libboost_program_options.dll
0x00007ff935c10000 - 0x00007ff935d0a000 	C:\Xilinx\SDK\2015.2\lib\win64.o\libboost_regex.dll
0x00007ff962180000 - 0x00007ff962193000 	C:\Xilinx\SDK\2015.2\lib\win64.o\libboost_signals.dll
0x00007ff967ef0000 - 0x00007ff967ef9000 	C:\Xilinx\SDK\2015.2\lib\win64.o\libboost_system.dll
0x00007ff961dc0000 - 0x00007ff961ddd000 	C:\Xilinx\SDK\2015.2\lib\win64.o\libboost_thread.dll
0x00007ff935200000 - 0x00007ff935280000 	C:\Xilinx\SDK\2015.2\lib\win64.o\libhdlpsolve.dll
0x00007ff9341b0000 - 0x00007ff93424a000 	C:\Xilinx\SDK\2015.2\lib\win64.o\libhdxml.dll
0x00007ff931e10000 - 0x00007ff93241a200 	C:\Xilinx\SDK\2015.2\lib\win64.o\libisl_iostreams.dll
0x00007ff960410000 - 0x00007ff960433000 	C:\Xilinx\SDK\2015.2\lib\win64.o\libisl_iosutils.dll
0x00007ff9674f0000 - 0x00007ff967505000 	C:\Xilinx\SDK\2015.2\lib\win64.o\pthreadVC2.dll
0x00007ff930b80000 - 0x00007ff930cb0000 	C:\Xilinx\SDK\2015.2\lib\win64.o\librdi_curl.dll
0x00007ff960790000 - 0x00007ff9607a8000 	C:\Xilinx\SDK\2015.2\lib\win64.o\librdiconfig.dll
0x00007ff95dc70000 - 0x00007ff95dc93000 	C:\Xilinx\SDK\2015.2\lib\win64.o\librdizlib.dll
0x0000000051c50000 - 0x0000000051d77000 	C:\Xilinx\SDK\2015.2\lib\win64.o\tcl85t.dll
0x0000000026720000 - 0x0000000026983000 	C:\Xilinx\SDK\2015.2\lib\win64.o\xerces-c_3_1.dll
0x00007ff967f00000 - 0x00007ff967f23000 	C:\Windows\SYSTEM32\VCOMP110.DLL
0x00007ff95d220000 - 0x00007ff95d263000 	C:\Xilinx\SDK\2015.2\lib\win64.o\librdi_hdf.dll
0x00007ff924050000 - 0x00007ff92420a000 	C:\Xilinx\SDK\2015.2\lib\win64.o\librdi_ippcw.dll
0x00007ff9687b0000 - 0x00007ff9687c6000 	C:\Windows\SYSTEM32\NETAPI32.dll
0x00007ff96d440000 - 0x00007ff96d491000 	C:\Windows\system32\WINTRUST.dll
0x00007ff967b90000 - 0x00007ff967b9b000 	C:\Xilinx\SDK\2015.2\lib\win64.o\libboost_chrono.dll
0x00007ff960170000 - 0x00007ff960186000 	C:\Xilinx\SDK\2015.2\lib\win64.o\libboost_iostreams.dll
0x00007ff96ce80000 - 0x00007ff96ce8c000 	C:\Windows\SYSTEM32\netutils.dll
0x00007ff96cfb0000 - 0x00007ff96cfd6000 	C:\Windows\SYSTEM32\srvcli.dll
0x00007ff96bea0000 - 0x00007ff96beb7000 	C:\Windows\SYSTEM32\wkscli.dll

VM Arguments:
jvm_args: -Dcom.xilinx.sdk.args.hwspec=C:/xup/sys_design_flow/XUP_docs/System_Design_Flow_workshop/2014_2_zynq_zedboard_sources/2015_2_zynq_labs/lab6/audio/audio.sdk/system_wrapper.hdf -Xms64m -Xmx512m & 
java_command: <unknown>
java_class_path (initial): C:\Xilinx\SDK\2015.2\eclipse\win64.o\\plugins/org.eclipse.equinox.launcher_1.3.0.v20130327-1440.jar
Launcher Type: generic

Environment Variables:
PATH=C:/Xilinx/SDK/2015.2/tps/win64/jre/bin/server;C:/Xilinx/SDK/2015.2/tps/win64/jre/bin;C:/Xilinx/SDK/2015.2/tps/win64/jre/lib/amd64;C:\Xilinx\SDK\2015.2\gnuwin\bin;C:\Xilinx\SDK\2015.2\gnu\microblaze\nt\bin;C:\Xilinx\SDK\2015.2\gnu\microblaze\linux_toolchain\nt64_le\bin;C:\Xilinx\SDK\2015.2\gnu\microblaze\linux_toolchain\nt64_be\bin;C:\Xilinx\SDK\2015.2\gnu\arm\nt\bin;C:\Xilinx\SDK\2015.2\gnu\aarch64\nt\aarch64-none\bin;C:\Xilinx\SDK\2015.2\gnu\aarch64\nt\aarch64-linux\bin;C:\Xilinx\SDK\2015.2\gnu\armr5\nt\gcc-arm-none-eabi\bin;C:\Xilinx\SDK\2015.2\gnu\aarch32\nt\gcc-arm-none-eabi\bin;C:\Xilinx\SDK\2015.2\gnu\aarch32\nt\gcc-arm-linux-gnueabi\bin;C:\Xilinx\SDK\2015.2\bin;C:\Xilinx\SDK\2015.2\lib\win64.o;C:\Xilinx\SDK\2015.2\tps\win64\jre\bin\server;C:\Xilinx\SDK\2015.2\tps\win64\jre\bin;C:\Xilinx\SDK\2015.2\bin;C:\Xilinx\SDK\2015.2\bin;C:\Xilinx\Vivado\2015.2\ids_lite\ISE\bin\nt64;C:\Xilinx\Vivado\2015.2\ids_lite\ISE\lib\nt64;C:\Xilinx\Vivado\2015.2\bin;C:\Xilinx\Vivado\2015.2\lib\win64.o;C:\Xilinx\Vivado\2015.2\tps\win64\jre\bin\server;C:\Xilinx\Vivado\2015.2\tps\win64\jre\bin;C:\Xilinx\SDK\2015.2\bin;C:\Xilinx\Vivado\2015.2\ids_lite\ISE\bin\nt64;C:\Xilinx\Vivado\2015.2\ids_lite\ISE\lib\nt64;C:\Xilinx\Vivado_HLS\2015.2\bin;C:\ProgramData\Oracle\Java\javapath;C:\Windows\system32;C:\Windows;C:\Windows\System32\Wbem;C:\Windows\System32\WindowsPowerShell\v1.0\;c:\xup\sys_design_flow\XUP_docs\System_Design_Flow_workshop\2014_2_zynq_zedboard_sources\2014_2_zynq_sources\lab6_zed;
USERNAME=aholzer
OS=Windows_NT
PROCESSOR_IDENTIFIER=Intel64 Family 6 Model 60 Stepping 3, GenuineIntel



---------------  S Y S T E M  ---------------

OS: Windows 8 , 64 bit Build 9200 

CPU:total 8 (4 cores per cpu, 2 threads per core) family 6 model 60 stepping 3, cmov, cx8, fxsr, mmx, sse, sse2, sse3, ssse3, sse4.1, sse4.2, popcnt, avx, avx2, aes, clmul, erms, lzcnt, ht, tsc, tscinvbit, bmi1, bmi2

Memory: 4k page, physical 16446428k(12275428k free), swap 33223644k(27450556k free)

vm_info: Java HotSpot(TM) 64-Bit Server VM (25.25-b02) for windows-amd64 JRE (1.8.0_25-b18), built on Oct  7 2014 14:25:37 by "java_re" with MS VC++ 10.0 (VS2010)

time: Thu Jul 16 16:00:04 2015
elapsed time: 3310 seconds (0d 0h 55m 10s)

