
*** Running vivado
    with args -log design_1_wrapper.vdi -applog -m64 -messageDb vivado.pb -mode batch -source design_1_wrapper.tcl -notrace


****** Vivado v2015.4 (64-bit)
  **** SW Build 1412921 on Wed Nov 18 09:43:45 MST 2015
  **** IP Build 1412160 on Tue Nov 17 13:47:24 MST 2015
    ** Copyright 1986-2015 Xilinx, Inc. All Rights Reserved.

source design_1_wrapper.tcl -notrace
Design is defaulting to srcset: sources_1
Design is defaulting to constrset: constrs_1
INFO: [Netlist 29-17] Analyzing 34 Unisim elements for replacement
INFO: [Netlist 29-28] Unisim Transformation completed in 0 CPU seconds
INFO: [Project 1-479] Netlist was created with Vivado 2015.4
INFO: [Device 21-403] Loading part xc7z020clg484-1
INFO: [Project 1-570] Preparing netlist for logic optimization
Parsing XDC File [d:/ProyectosXILINX/Practica_3/project_3B/project_3.srcs/sources_1/bd/design_1/ip/design_1_processing_system7_0_0/design_1_processing_system7_0_0.xdc] for cell 'design_1_i/processing_system7_0/inst'
Finished Parsing XDC File [d:/ProyectosXILINX/Practica_3/project_3B/project_3.srcs/sources_1/bd/design_1/ip/design_1_processing_system7_0_0/design_1_processing_system7_0_0.xdc] for cell 'design_1_i/processing_system7_0/inst'
Parsing XDC File [d:/ProyectosXILINX/Practica_3/project_3B/project_3.srcs/sources_1/bd/design_1/ip/design_1_axi_gpio_0_0/design_1_axi_gpio_0_0_board.xdc] for cell 'design_1_i/axi_gpio_0/U0'
Finished Parsing XDC File [d:/ProyectosXILINX/Practica_3/project_3B/project_3.srcs/sources_1/bd/design_1/ip/design_1_axi_gpio_0_0/design_1_axi_gpio_0_0_board.xdc] for cell 'design_1_i/axi_gpio_0/U0'
Parsing XDC File [d:/ProyectosXILINX/Practica_3/project_3B/project_3.srcs/sources_1/bd/design_1/ip/design_1_axi_gpio_0_0/design_1_axi_gpio_0_0.xdc] for cell 'design_1_i/axi_gpio_0/U0'
Finished Parsing XDC File [d:/ProyectosXILINX/Practica_3/project_3B/project_3.srcs/sources_1/bd/design_1/ip/design_1_axi_gpio_0_0/design_1_axi_gpio_0_0.xdc] for cell 'design_1_i/axi_gpio_0/U0'
Parsing XDC File [d:/ProyectosXILINX/Practica_3/project_3B/project_3.srcs/sources_1/bd/design_1/ip/design_1_axi_quad_spi_0_0/design_1_axi_quad_spi_0_0_board.xdc] for cell 'design_1_i/axi_quad_spi_0/U0'
Finished Parsing XDC File [d:/ProyectosXILINX/Practica_3/project_3B/project_3.srcs/sources_1/bd/design_1/ip/design_1_axi_quad_spi_0_0/design_1_axi_quad_spi_0_0_board.xdc] for cell 'design_1_i/axi_quad_spi_0/U0'
Parsing XDC File [d:/ProyectosXILINX/Practica_3/project_3B/project_3.srcs/sources_1/bd/design_1/ip/design_1_axi_quad_spi_0_0/design_1_axi_quad_spi_0_0.xdc] for cell 'design_1_i/axi_quad_spi_0/U0'
Finished Parsing XDC File [d:/ProyectosXILINX/Practica_3/project_3B/project_3.srcs/sources_1/bd/design_1/ip/design_1_axi_quad_spi_0_0/design_1_axi_quad_spi_0_0.xdc] for cell 'design_1_i/axi_quad_spi_0/U0'
Parsing XDC File [d:/ProyectosXILINX/Practica_3/project_3B/project_3.srcs/sources_1/bd/design_1/ip/design_1_rst_processing_system7_0_100M_0/design_1_rst_processing_system7_0_100M_0_board.xdc] for cell 'design_1_i/rst_processing_system7_0_100M'
Finished Parsing XDC File [d:/ProyectosXILINX/Practica_3/project_3B/project_3.srcs/sources_1/bd/design_1/ip/design_1_rst_processing_system7_0_100M_0/design_1_rst_processing_system7_0_100M_0_board.xdc] for cell 'design_1_i/rst_processing_system7_0_100M'
Parsing XDC File [d:/ProyectosXILINX/Practica_3/project_3B/project_3.srcs/sources_1/bd/design_1/ip/design_1_rst_processing_system7_0_100M_0/design_1_rst_processing_system7_0_100M_0.xdc] for cell 'design_1_i/rst_processing_system7_0_100M'
Finished Parsing XDC File [d:/ProyectosXILINX/Practica_3/project_3B/project_3.srcs/sources_1/bd/design_1/ip/design_1_rst_processing_system7_0_100M_0/design_1_rst_processing_system7_0_100M_0.xdc] for cell 'design_1_i/rst_processing_system7_0_100M'
Parsing XDC File [d:/ProyectosXILINX/Practica_3/project_3B/project_3.srcs/sources_1/bd/design_1/ip/design_1_axi_gpio_1_0/design_1_axi_gpio_1_0_board.xdc] for cell 'design_1_i/axi_gpio_1/U0'
Finished Parsing XDC File [d:/ProyectosXILINX/Practica_3/project_3B/project_3.srcs/sources_1/bd/design_1/ip/design_1_axi_gpio_1_0/design_1_axi_gpio_1_0_board.xdc] for cell 'design_1_i/axi_gpio_1/U0'
Parsing XDC File [d:/ProyectosXILINX/Practica_3/project_3B/project_3.srcs/sources_1/bd/design_1/ip/design_1_axi_gpio_1_0/design_1_axi_gpio_1_0.xdc] for cell 'design_1_i/axi_gpio_1/U0'
Finished Parsing XDC File [d:/ProyectosXILINX/Practica_3/project_3B/project_3.srcs/sources_1/bd/design_1/ip/design_1_axi_gpio_1_0/design_1_axi_gpio_1_0.xdc] for cell 'design_1_i/axi_gpio_1/U0'
Parsing XDC File [D:/ProyectosXILINX/Practica_3/project_3B/project_3.srcs/constrs_1/new/my_constraints.xdc]
Finished Parsing XDC File [D:/ProyectosXILINX/Practica_3/project_3B/project_3.srcs/constrs_1/new/my_constraints.xdc]
Parsing XDC File [d:/ProyectosXILINX/Practica_3/project_3B/project_3.srcs/sources_1/bd/design_1/ip/design_1_axi_quad_spi_0_0/design_1_axi_quad_spi_0_0_clocks.xdc] for cell 'design_1_i/axi_quad_spi_0/U0'
INFO: [Timing 38-35] Done setting XDC timing constraints. [d:/ProyectosXILINX/Practica_3/project_3B/project_3.srcs/sources_1/bd/design_1/ip/design_1_axi_quad_spi_0_0/design_1_axi_quad_spi_0_0_clocks.xdc:47]
get_clocks: Time (s): cpu = 00:00:19 ; elapsed = 00:00:22 . Memory (MB): peak = 979.137 ; gain = 478.258
Finished Parsing XDC File [d:/ProyectosXILINX/Practica_3/project_3B/project_3.srcs/sources_1/bd/design_1/ip/design_1_axi_quad_spi_0_0/design_1_axi_quad_spi_0_0_clocks.xdc] for cell 'design_1_i/axi_quad_spi_0/U0'
INFO: [Opt 31-138] Pushed 0 inverter(s) to 0 load pin(s).
INFO: [Project 1-111] Unisim Transformation Summary:
  A total of 8 instances were transformed.
  IOBUF => IOBUF (IBUF, OBUFT): 4 instances
  RAM32M => RAM32M (RAMD32, RAMD32, RAMD32, RAMD32, RAMD32, RAMD32, RAMS32, RAMS32): 4 instances

link_design: Time (s): cpu = 00:00:32 ; elapsed = 00:00:42 . Memory (MB): peak = 979.137 ; gain = 764.504
Command: opt_design
Attempting to get a license for feature 'Implementation' and/or device 'xc7z020'
INFO: [Common 17-349] Got license for feature 'Implementation' and/or device 'xc7z020'
Running DRC as a precondition to command opt_design

Starting DRC Task
INFO: [DRC 23-27] Running DRC with 2 threads
INFO: [Project 1-461] DRC finished with 0 Errors
INFO: [Project 1-462] Please refer to the DRC report (report_drc) for more information.

Time (s): cpu = 00:00:00 ; elapsed = 00:00:00.167 . Memory (MB): peak = 979.137 ; gain = 0.000
INFO: [Timing 38-35] Done setting XDC timing constraints.

Starting Logic Optimization Task
Implement Debug Cores | Checksum: 1951a2b7e

Phase 1 Retarget
INFO: [Opt 31-138] Pushed 0 inverter(s) to 0 load pin(s).
INFO: [Opt 31-49] Retargeted 0 cell(s).
Phase 1 Retarget | Checksum: 1d091c5f4

Time (s): cpu = 00:00:01 ; elapsed = 00:00:00.494 . Memory (MB): peak = 979.137 ; gain = 0.000

Phase 2 Constant Propagation
INFO: [Opt 31-138] Pushed 0 inverter(s) to 0 load pin(s).
INFO: [Opt 31-10] Eliminated 176 cells.
Phase 2 Constant Propagation | Checksum: 18a4e8fa7

Time (s): cpu = 00:00:02 ; elapsed = 00:00:02 . Memory (MB): peak = 979.137 ; gain = 0.000

Phase 3 Sweep
INFO: [Opt 31-12] Eliminated 312 unconnected nets.
INFO: [Opt 31-11] Eliminated 265 unconnected cells.
Phase 3 Sweep | Checksum: 24c885f03

Time (s): cpu = 00:00:03 ; elapsed = 00:00:02 . Memory (MB): peak = 979.137 ; gain = 0.000

Starting Connectivity Check Task

Time (s): cpu = 00:00:00 ; elapsed = 00:00:00.014 . Memory (MB): peak = 979.137 ; gain = 0.000
Ending Logic Optimization Task | Checksum: 24c885f03

Time (s): cpu = 00:00:03 ; elapsed = 00:00:03 . Memory (MB): peak = 979.137 ; gain = 0.000

Starting Power Optimization Task
INFO: [Pwropt 34-132] Skipping clock gating for clocks with a period < 2.00 ns.
Ending Power Optimization Task | Checksum: 24c885f03

Time (s): cpu = 00:00:00 ; elapsed = 00:00:00.023 . Memory (MB): peak = 979.137 ; gain = 0.000
INFO: [Common 17-83] Releasing license: Implementation
21 Infos, 0 Warnings, 0 Critical Warnings and 0 Errors encountered.
opt_design completed successfully
opt_design: Time (s): cpu = 00:00:03 ; elapsed = 00:00:19 . Memory (MB): peak = 979.137 ; gain = 0.000
Writing placer database...
Writing XDEF routing.
Writing XDEF routing logical nets.
Writing XDEF routing special nets.
Write XDEF Complete: Time (s): cpu = 00:00:00 ; elapsed = 00:00:00.169 . Memory (MB): peak = 979.137 ; gain = 0.000
INFO: [DRC 23-27] Running DRC with 2 threads
INFO: [Coretcl 2-168] The results of DRC are in file D:/ProyectosXILINX/Practica_3/project_3B/project_3.runs/impl_1/design_1_wrapper_drc_opted.rpt.
Command: place_design
Attempting to get a license for feature 'Implementation' and/or device 'xc7z020'
INFO: [Common 17-349] Got license for feature 'Implementation' and/or device 'xc7z020'
INFO: [DRC 23-27] Running DRC with 2 threads
INFO: [Vivado_Tcl 4-198] DRC finished with 0 Errors
INFO: [Vivado_Tcl 4-199] Please refer to the DRC report (report_drc) for more information.
Running DRC as a precondition to command place_design
INFO: [DRC 23-27] Running DRC with 2 threads
INFO: [Vivado_Tcl 4-198] DRC finished with 0 Errors
INFO: [Vivado_Tcl 4-199] Please refer to the DRC report (report_drc) for more information.

Starting Placer Task
INFO: [Place 30-611] Multithreading enabled for place_design using a maximum of 2 CPUs

Phase 1 Placer Initialization
Netlist sorting complete. Time (s): cpu = 00:00:00 ; elapsed = 00:00:00.009 . Memory (MB): peak = 979.137 ; gain = 0.000
Netlist sorting complete. Time (s): cpu = 00:00:00 ; elapsed = 00:00:00.008 . Memory (MB): peak = 979.137 ; gain = 0.000

Phase 1.1 IO Placement/ Clock Placement/ Build Placer Device

Phase 1.1.1 Pre-Place Cells
Phase 1.1.1 Pre-Place Cells | Checksum: a9efc069

Time (s): cpu = 00:00:00 ; elapsed = 00:00:00.091 . Memory (MB): peak = 979.137 ; gain = 0.000
WARNING: [Place 30-12] An IO Bus FIXED_IO_mio with more than one IO standard is found. Components associated with this bus are: 
	FIXED_IO_mio[53] of IOStandard LVCMOS18
	FIXED_IO_mio[52] of IOStandard LVCMOS18
	FIXED_IO_mio[51] of IOStandard LVCMOS18
	FIXED_IO_mio[50] of IOStandard LVCMOS18
	FIXED_IO_mio[49] of IOStandard LVCMOS18
	FIXED_IO_mio[48] of IOStandard LVCMOS18
	FIXED_IO_mio[47] of IOStandard LVCMOS18
	FIXED_IO_mio[46] of IOStandard LVCMOS18
	FIXED_IO_mio[45] of IOStandard LVCMOS18
	FIXED_IO_mio[44] of IOStandard LVCMOS18
	FIXED_IO_mio[43] of IOStandard LVCMOS18
	FIXED_IO_mio[42] of IOStandard LVCMOS18
	FIXED_IO_mio[41] of IOStandard LVCMOS18
	FIXED_IO_mio[40] of IOStandard LVCMOS18
	FIXED_IO_mio[39] of IOStandard LVCMOS18
	FIXED_IO_mio[38] of IOStandard LVCMOS18
	FIXED_IO_mio[37] of IOStandard LVCMOS18
	FIXED_IO_mio[36] of IOStandard LVCMOS18
	FIXED_IO_mio[35] of IOStandard LVCMOS18
	FIXED_IO_mio[34] of IOStandard LVCMOS18
	FIXED_IO_mio[33] of IOStandard LVCMOS18
	FIXED_IO_mio[32] of IOStandard LVCMOS18
	FIXED_IO_mio[31] of IOStandard LVCMOS18
	FIXED_IO_mio[30] of IOStandard LVCMOS18
	FIXED_IO_mio[29] of IOStandard LVCMOS18
	FIXED_IO_mio[28] of IOStandard LVCMOS18
	FIXED_IO_mio[27] of IOStandard LVCMOS18
	FIXED_IO_mio[26] of IOStandard LVCMOS18
	FIXED_IO_mio[25] of IOStandard LVCMOS18
	FIXED_IO_mio[24] of IOStandard LVCMOS18
	FIXED_IO_mio[23] of IOStandard LVCMOS18
	FIXED_IO_mio[22] of IOStandard LVCMOS18
	FIXED_IO_mio[21] of IOStandard LVCMOS18
	FIXED_IO_mio[20] of IOStandard LVCMOS18
	FIXED_IO_mio[19] of IOStandard LVCMOS18
	FIXED_IO_mio[18] of IOStandard LVCMOS18
	FIXED_IO_mio[17] of IOStandard LVCMOS18
	FIXED_IO_mio[16] of IOStandard LVCMOS18
	FIXED_IO_mio[15] of IOStandard LVCMOS33
	FIXED_IO_mio[14] of IOStandard LVCMOS33
	FIXED_IO_mio[13] of IOStandard LVCMOS33
	FIXED_IO_mio[12] of IOStandard LVCMOS33
	FIXED_IO_mio[11] of IOStandard LVCMOS33
	FIXED_IO_mio[10] of IOStandard LVCMOS33
	FIXED_IO_mio[9] of IOStandard LVCMOS33
	FIXED_IO_mio[8] of IOStandard LVCMOS33
	FIXED_IO_mio[7] of IOStandard LVCMOS33
	FIXED_IO_mio[6] of IOStandard LVCMOS33
	FIXED_IO_mio[5] of IOStandard LVCMOS33
	FIXED_IO_mio[4] of IOStandard LVCMOS33
	FIXED_IO_mio[3] of IOStandard LVCMOS33
	FIXED_IO_mio[2] of IOStandard LVCMOS33
	FIXED_IO_mio[1] of IOStandard LVCMOS33
	FIXED_IO_mio[0] of IOStandard LVCMOS33
INFO: [Timing 38-35] Done setting XDC timing constraints.

Phase 1.1.2 IO and Clk Clean Up
Phase 1.1.2 IO and Clk Clean Up | Checksum: a9efc069

Time (s): cpu = 00:00:03 ; elapsed = 00:00:02 . Memory (MB): peak = 979.137 ; gain = 0.000

Phase 1.1.3 Implementation Feasibility check On IDelay
Phase 1.1.3 Implementation Feasibility check On IDelay | Checksum: a9efc069

Time (s): cpu = 00:00:03 ; elapsed = 00:00:02 . Memory (MB): peak = 979.137 ; gain = 0.000

Phase 1.1.4 Commit IO Placement
Phase 1.1.4 Commit IO Placement | Checksum: cc67d083

Time (s): cpu = 00:00:03 ; elapsed = 00:00:02 . Memory (MB): peak = 979.137 ; gain = 0.000
Phase 1.1 IO Placement/ Clock Placement/ Build Placer Device | Checksum: 125c95782

Time (s): cpu = 00:00:03 ; elapsed = 00:00:02 . Memory (MB): peak = 979.137 ; gain = 0.000

Phase 1.2 Build Placer Netlist Model

Phase 1.2.1 Place Init Design

Phase 1.2.1.1 Init Lut Pin Assignment
Phase 1.2.1.1 Init Lut Pin Assignment | Checksum: 170213868

Time (s): cpu = 00:00:03 ; elapsed = 00:00:03 . Memory (MB): peak = 979.137 ; gain = 0.000
Phase 1.2.1 Place Init Design | Checksum: 209a5050b

Time (s): cpu = 00:00:04 ; elapsed = 00:00:03 . Memory (MB): peak = 979.137 ; gain = 0.000
Phase 1.2 Build Placer Netlist Model | Checksum: 209a5050b

Time (s): cpu = 00:00:04 ; elapsed = 00:00:03 . Memory (MB): peak = 979.137 ; gain = 0.000

Phase 1.3 Constrain Clocks/Macros

Phase 1.3.1 Constrain Global/Regional Clocks
Phase 1.3.1 Constrain Global/Regional Clocks | Checksum: 209a5050b

Time (s): cpu = 00:00:04 ; elapsed = 00:00:03 . Memory (MB): peak = 979.137 ; gain = 0.000
Phase 1.3 Constrain Clocks/Macros | Checksum: 209a5050b

Time (s): cpu = 00:00:04 ; elapsed = 00:00:03 . Memory (MB): peak = 979.137 ; gain = 0.000
Phase 1 Placer Initialization | Checksum: 209a5050b

Time (s): cpu = 00:00:04 ; elapsed = 00:00:03 . Memory (MB): peak = 979.137 ; gain = 0.000

Phase 2 Global Placement
Phase 2 Global Placement | Checksum: 1efcc146e

Time (s): cpu = 00:00:08 ; elapsed = 00:00:06 . Memory (MB): peak = 979.137 ; gain = 0.000

Phase 3 Detail Placement

Phase 3.1 Commit Multi Column Macros
Phase 3.1 Commit Multi Column Macros | Checksum: 1efcc146e

Time (s): cpu = 00:00:08 ; elapsed = 00:00:06 . Memory (MB): peak = 979.137 ; gain = 0.000

Phase 3.2 Commit Most Macros & LUTRAMs
Phase 3.2 Commit Most Macros & LUTRAMs | Checksum: 12533ba2b

Time (s): cpu = 00:00:09 ; elapsed = 00:00:07 . Memory (MB): peak = 979.137 ; gain = 0.000

Phase 3.3 Area Swap Optimization
Phase 3.3 Area Swap Optimization | Checksum: 12339326e

Time (s): cpu = 00:00:09 ; elapsed = 00:00:07 . Memory (MB): peak = 979.137 ; gain = 0.000

Phase 3.4 updateClock Trees: DP
Phase 3.4 updateClock Trees: DP | Checksum: 12339326e

Time (s): cpu = 00:00:09 ; elapsed = 00:00:07 . Memory (MB): peak = 979.137 ; gain = 0.000

Phase 3.5 Timing Path Optimizer
Phase 3.5 Timing Path Optimizer | Checksum: b432bd97

Time (s): cpu = 00:00:09 ; elapsed = 00:00:07 . Memory (MB): peak = 979.137 ; gain = 0.000

Phase 3.6 Fast Optimization
Phase 3.6 Fast Optimization | Checksum: b432bd97

Time (s): cpu = 00:00:09 ; elapsed = 00:00:07 . Memory (MB): peak = 979.137 ; gain = 0.000

Phase 3.7 Small Shape Detail Placement

Phase 3.7.1 Commit Small Macros and Core Logic

Phase 3.7.1.1 Commit Slice Clusters
Phase 3.7.1.1 Commit Slice Clusters | Checksum: 11695e3ec

Time (s): cpu = 00:00:11 ; elapsed = 00:00:08 . Memory (MB): peak = 979.137 ; gain = 0.000
Phase 3.7.1 Commit Small Macros and Core Logic | Checksum: 11695e3ec

Time (s): cpu = 00:00:11 ; elapsed = 00:00:08 . Memory (MB): peak = 979.137 ; gain = 0.000

Phase 3.7.2 Clock Restriction Legalization for Leaf Columns
Phase 3.7.2 Clock Restriction Legalization for Leaf Columns | Checksum: 11695e3ec

Time (s): cpu = 00:00:11 ; elapsed = 00:00:08 . Memory (MB): peak = 979.137 ; gain = 0.000

Phase 3.7.3 Clock Restriction Legalization for Non-Clock Pins
Phase 3.7.3 Clock Restriction Legalization for Non-Clock Pins | Checksum: 11695e3ec

Time (s): cpu = 00:00:11 ; elapsed = 00:00:08 . Memory (MB): peak = 979.137 ; gain = 0.000
Phase 3.7 Small Shape Detail Placement | Checksum: 11695e3ec

Time (s): cpu = 00:00:11 ; elapsed = 00:00:08 . Memory (MB): peak = 979.137 ; gain = 0.000

Phase 3.8 Re-assign LUT pins
Phase 3.8 Re-assign LUT pins | Checksum: 6de07c89

Time (s): cpu = 00:00:11 ; elapsed = 00:00:08 . Memory (MB): peak = 979.137 ; gain = 0.000
Phase 3 Detail Placement | Checksum: 6de07c89

Time (s): cpu = 00:00:11 ; elapsed = 00:00:08 . Memory (MB): peak = 979.137 ; gain = 0.000

Phase 4 Post Placement Optimization and Clean-Up

Phase 4.1 Post Commit Optimization

Phase 4.1.1 callUpdateTimingBeforePCO
Phase 4.1.1 callUpdateTimingBeforePCO | Checksum: 101cf7e4d

Time (s): cpu = 00:00:11 ; elapsed = 00:00:09 . Memory (MB): peak = 979.137 ; gain = 0.000

Phase 4.1.2 updateClock Trees: PCOPT
Phase 4.1.2 updateClock Trees: PCOPT | Checksum: 101cf7e4d

Time (s): cpu = 00:00:11 ; elapsed = 00:00:09 . Memory (MB): peak = 979.137 ; gain = 0.000

Phase 4.1.3 Post Placement Optimization

Phase 4.1.3.1 PCOPT Shape updates

Phase 4.1.3.1.1 removeOptionalFFsFromShapes
Phase 4.1.3.1.1 removeOptionalFFsFromShapes | Checksum: 101cf7e4d

Time (s): cpu = 00:00:11 ; elapsed = 00:00:09 . Memory (MB): peak = 979.137 ; gain = 0.000

Phase 4.1.3.1.2 deleteLutnmShapes

Phase 4.1.3.1.2.1 deleteShapes
Phase 4.1.3.1.2.1 deleteShapes | Checksum: 15fe5072c

Time (s): cpu = 00:00:11 ; elapsed = 00:00:09 . Memory (MB): peak = 979.137 ; gain = 0.000
Phase 4.1.3.1.2 deleteLutnmShapes | Checksum: 15fe5072c

Time (s): cpu = 00:00:11 ; elapsed = 00:00:09 . Memory (MB): peak = 979.137 ; gain = 0.000
Phase 4.1.3.1 PCOPT Shape updates | Checksum: 15fe5072c

Time (s): cpu = 00:00:11 ; elapsed = 00:00:09 . Memory (MB): peak = 979.137 ; gain = 0.000

Phase 4.1.3.2 Post Placement Timing Optimization
INFO: [Place 30-746] Post Placement Timing Summary WNS=3.891. For the most accurate timing information please run report_timing.
Phase 4.1.3.2 Post Placement Timing Optimization | Checksum: eff3f7fc

Time (s): cpu = 00:00:12 ; elapsed = 00:00:09 . Memory (MB): peak = 979.137 ; gain = 0.000
Phase 4.1.3 Post Placement Optimization | Checksum: eff3f7fc

Time (s): cpu = 00:00:12 ; elapsed = 00:00:09 . Memory (MB): peak = 979.137 ; gain = 0.000
Phase 4.1 Post Commit Optimization | Checksum: eff3f7fc

Time (s): cpu = 00:00:12 ; elapsed = 00:00:09 . Memory (MB): peak = 979.137 ; gain = 0.000

Phase 4.2 Sweep Clock Roots: Post-Placement
Phase 4.2 Sweep Clock Roots: Post-Placement | Checksum: eff3f7fc

Time (s): cpu = 00:00:12 ; elapsed = 00:00:09 . Memory (MB): peak = 979.137 ; gain = 0.000

Phase 4.3 Post Placement Cleanup
Phase 4.3 Post Placement Cleanup | Checksum: eff3f7fc

Time (s): cpu = 00:00:12 ; elapsed = 00:00:09 . Memory (MB): peak = 979.137 ; gain = 0.000

Phase 4.4 Placer Reporting

Phase 4.4.1 Restore STA
Phase 4.4.1 Restore STA | Checksum: eff3f7fc

Time (s): cpu = 00:00:12 ; elapsed = 00:00:09 . Memory (MB): peak = 979.137 ; gain = 0.000
Phase 4.4 Placer Reporting | Checksum: eff3f7fc

Time (s): cpu = 00:00:12 ; elapsed = 00:00:09 . Memory (MB): peak = 979.137 ; gain = 0.000

Phase 4.5 Final Placement Cleanup
Phase 4.5 Final Placement Cleanup | Checksum: c3eda916

Time (s): cpu = 00:00:12 ; elapsed = 00:00:09 . Memory (MB): peak = 979.137 ; gain = 0.000
Phase 4 Post Placement Optimization and Clean-Up | Checksum: c3eda916

Time (s): cpu = 00:00:12 ; elapsed = 00:00:09 . Memory (MB): peak = 979.137 ; gain = 0.000
Ending Placer Task | Checksum: 4c389989

Time (s): cpu = 00:00:12 ; elapsed = 00:00:09 . Memory (MB): peak = 979.137 ; gain = 0.000
INFO: [Common 17-83] Releasing license: Implementation
34 Infos, 1 Warnings, 0 Critical Warnings and 0 Errors encountered.
place_design completed successfully
place_design: Time (s): cpu = 00:00:13 ; elapsed = 00:00:26 . Memory (MB): peak = 979.137 ; gain = 0.000
Writing placer database...
Writing XDEF routing.
Writing XDEF routing logical nets.
Writing XDEF routing special nets.
Write XDEF Complete: Time (s): cpu = 00:00:01 ; elapsed = 00:00:00.575 . Memory (MB): peak = 979.137 ; gain = 0.000
report_io: Time (s): cpu = 00:00:00 ; elapsed = 00:00:00.092 . Memory (MB): peak = 979.137 ; gain = 0.000
report_utilization: Time (s): cpu = 00:00:00 ; elapsed = 00:00:00.043 . Memory (MB): peak = 979.137 ; gain = 0.000
report_control_sets: Time (s): cpu = 00:00:00 ; elapsed = 00:00:00.012 . Memory (MB): peak = 979.137 ; gain = 0.000
Command: route_design
Attempting to get a license for feature 'Implementation' and/or device 'xc7z020'
INFO: [Common 17-349] Got license for feature 'Implementation' and/or device 'xc7z020'
Running DRC as a precondition to command route_design
INFO: [DRC 23-27] Running DRC with 2 threads
WARNING: [DRC 23-20] Rule violation (PLIO-7) Placement Constraints Check for IO constraints - An IO Bus FIXED_IO_mio[53:0] with more than one IO standard is found. Components associated with this bus are: LVCMOS18 (FIXED_IO_mio[53], FIXED_IO_mio[52], FIXED_IO_mio[51], FIXED_IO_mio[50], FIXED_IO_mio[49], FIXED_IO_mio[48], FIXED_IO_mio[47], FIXED_IO_mio[46], FIXED_IO_mio[45], FIXED_IO_mio[44], FIXED_IO_mio[43], FIXED_IO_mio[42], FIXED_IO_mio[41], FIXED_IO_mio[40], FIXED_IO_mio[39] (the first 15 of 38 listed)); LVCMOS33 (FIXED_IO_mio[15], FIXED_IO_mio[14], FIXED_IO_mio[13], FIXED_IO_mio[12], FIXED_IO_mio[11], FIXED_IO_mio[10], FIXED_IO_mio[9], FIXED_IO_mio[8], FIXED_IO_mio[7], FIXED_IO_mio[6], FIXED_IO_mio[5], FIXED_IO_mio[4], FIXED_IO_mio[3], FIXED_IO_mio[2], FIXED_IO_mio[1] (the first 15 of 16 listed)); 
INFO: [Vivado_Tcl 4-198] DRC finished with 0 Errors, 1 Warnings
INFO: [Vivado_Tcl 4-199] Please refer to the DRC report (report_drc) for more information.


Starting Routing Task
INFO: [Route 35-254] Multithreading enabled for route_design using a maximum of 2 CPUs
Checksum: PlaceDB: 20137a3e ConstDB: 0 ShapeSum: 2c251f4b RouteDB: 0

Phase 1 Build RT Design
Phase 1 Build RT Design | Checksum: 1caa22327

Time (s): cpu = 00:00:45 ; elapsed = 00:00:43 . Memory (MB): peak = 1107.586 ; gain = 128.449

Phase 2 Router Initialization

Phase 2.1 Create Timer
Phase 2.1 Create Timer | Checksum: 1caa22327

Time (s): cpu = 00:00:45 ; elapsed = 00:00:43 . Memory (MB): peak = 1109.152 ; gain = 130.016

Phase 2.2 Pre Route Cleanup
Phase 2.2 Pre Route Cleanup | Checksum: 1caa22327

Time (s): cpu = 00:00:45 ; elapsed = 00:00:43 . Memory (MB): peak = 1117.555 ; gain = 138.418
 Number of Nodes with overlaps = 0

Phase 2.3 Update Timing
Phase 2.3 Update Timing | Checksum: 13f7f906c

Time (s): cpu = 00:00:47 ; elapsed = 00:00:44 . Memory (MB): peak = 1142.207 ; gain = 163.070
INFO: [Route 35-416] Intermediate Timing Summary | WNS=3.871  | TNS=0.000  | WHS=-0.181 | THS=-37.816|

Phase 2 Router Initialization | Checksum: 10c53766b

Time (s): cpu = 00:00:47 ; elapsed = 00:00:45 . Memory (MB): peak = 1142.207 ; gain = 163.070

Phase 3 Initial Routing
Phase 3 Initial Routing | Checksum: 234368f03

Time (s): cpu = 00:00:48 ; elapsed = 00:00:45 . Memory (MB): peak = 1142.207 ; gain = 163.070

Phase 4 Rip-up And Reroute

Phase 4.1 Global Iteration 0
 Number of Nodes with overlaps = 151
 Number of Nodes with overlaps = 0

Phase 4.1.1 Update Timing
Phase 4.1.1 Update Timing | Checksum: 16df975ed

Time (s): cpu = 00:00:50 ; elapsed = 00:00:46 . Memory (MB): peak = 1142.207 ; gain = 163.070
INFO: [Route 35-416] Intermediate Timing Summary | WNS=3.372  | TNS=0.000  | WHS=N/A    | THS=N/A    |

Phase 4.1 Global Iteration 0 | Checksum: 142333bd7

Time (s): cpu = 00:00:50 ; elapsed = 00:00:46 . Memory (MB): peak = 1142.207 ; gain = 163.070

Phase 4.2 Global Iteration 1
 Number of Nodes with overlaps = 1
 Number of Nodes with overlaps = 0

Phase 4.2.1 Update Timing
Phase 4.2.1 Update Timing | Checksum: 1663ede6e

Time (s): cpu = 00:00:50 ; elapsed = 00:00:46 . Memory (MB): peak = 1142.207 ; gain = 163.070
INFO: [Route 35-416] Intermediate Timing Summary | WNS=3.372  | TNS=0.000  | WHS=N/A    | THS=N/A    |

Phase 4.2 Global Iteration 1 | Checksum: 1eb156035

Time (s): cpu = 00:00:50 ; elapsed = 00:00:46 . Memory (MB): peak = 1142.207 ; gain = 163.070
Phase 4 Rip-up And Reroute | Checksum: 1eb156035

Time (s): cpu = 00:00:50 ; elapsed = 00:00:46 . Memory (MB): peak = 1142.207 ; gain = 163.070

Phase 5 Delay and Skew Optimization

Phase 5.1 Delay CleanUp

Phase 5.1.1 Update Timing
Phase 5.1.1 Update Timing | Checksum: 1dc5c56e9

Time (s): cpu = 00:00:50 ; elapsed = 00:00:46 . Memory (MB): peak = 1142.207 ; gain = 163.070
INFO: [Route 35-416] Intermediate Timing Summary | WNS=3.372  | TNS=0.000  | WHS=N/A    | THS=N/A    |

Phase 5.1 Delay CleanUp | Checksum: 1dc5c56e9

Time (s): cpu = 00:00:50 ; elapsed = 00:00:46 . Memory (MB): peak = 1142.207 ; gain = 163.070

Phase 5.2 Clock Skew Optimization
Phase 5.2 Clock Skew Optimization | Checksum: 1dc5c56e9

Time (s): cpu = 00:00:50 ; elapsed = 00:00:46 . Memory (MB): peak = 1142.207 ; gain = 163.070
Phase 5 Delay and Skew Optimization | Checksum: 1dc5c56e9

Time (s): cpu = 00:00:50 ; elapsed = 00:00:46 . Memory (MB): peak = 1142.207 ; gain = 163.070

Phase 6 Post Hold Fix

Phase 6.1 Update Timing
Phase 6.1 Update Timing | Checksum: 1740fdc87

Time (s): cpu = 00:00:50 ; elapsed = 00:00:47 . Memory (MB): peak = 1142.207 ; gain = 163.070
INFO: [Route 35-416] Intermediate Timing Summary | WNS=3.372  | TNS=0.000  | WHS=0.040  | THS=0.000  |

Phase 6 Post Hold Fix | Checksum: 21ca81d1b

Time (s): cpu = 00:00:50 ; elapsed = 00:00:47 . Memory (MB): peak = 1142.207 ; gain = 163.070

Phase 7 Route finalize

Router Utilization Summary
  Global Vertical Routing Utilization    = 0.30175 %
  Global Horizontal Routing Utilization  = 0.365788 %
  Routable Net Status*
  *Does not include unroutable nets such as driverless and loadless.
  Run report_route_status for detailed report.
  Number of Failed Nets               = 0
  Number of Unrouted Nets             = 0
  Number of Partially Routed Nets     = 0
  Number of Node Overlaps             = 0

Phase 7 Route finalize | Checksum: 1b94bd57c

Time (s): cpu = 00:00:50 ; elapsed = 00:00:47 . Memory (MB): peak = 1142.207 ; gain = 163.070

Phase 8 Verifying routed nets

 Verification completed successfully
Phase 8 Verifying routed nets | Checksum: 1b94bd57c

Time (s): cpu = 00:00:50 ; elapsed = 00:00:47 . Memory (MB): peak = 1142.207 ; gain = 163.070

Phase 9 Depositing Routes
Phase 9 Depositing Routes | Checksum: 147f7935c

Time (s): cpu = 00:00:51 ; elapsed = 00:00:47 . Memory (MB): peak = 1142.207 ; gain = 163.070

Phase 10 Post Router Timing
INFO: [Route 35-57] Estimated Timing Summary | WNS=3.372  | TNS=0.000  | WHS=0.040  | THS=0.000  |

INFO: [Route 35-327] The final timing numbers are based on the router estimated timing analysis. For a complete and accurate timing signoff, please run report_timing_summary.
Phase 10 Post Router Timing | Checksum: 147f7935c

Time (s): cpu = 00:00:51 ; elapsed = 00:00:47 . Memory (MB): peak = 1142.207 ; gain = 163.070
INFO: [Route 35-16] Router Completed Successfully

Time (s): cpu = 00:00:51 ; elapsed = 00:00:47 . Memory (MB): peak = 1142.207 ; gain = 163.070

Routing Is Done.
INFO: [Common 17-83] Releasing license: Implementation
48 Infos, 2 Warnings, 0 Critical Warnings and 0 Errors encountered.
route_design completed successfully
route_design: Time (s): cpu = 00:00:52 ; elapsed = 00:01:04 . Memory (MB): peak = 1142.207 ; gain = 163.070
Writing placer database...
Writing XDEF routing.
Writing XDEF routing logical nets.
Writing XDEF routing special nets.
Write XDEF Complete: Time (s): cpu = 00:00:02 ; elapsed = 00:00:00.681 . Memory (MB): peak = 1142.207 ; gain = 0.000
INFO: [DRC 23-27] Running DRC with 2 threads
INFO: [Coretcl 2-168] The results of DRC are in file D:/ProyectosXILINX/Practica_3/project_3B/project_3.runs/impl_1/design_1_wrapper_drc_routed.rpt.
INFO: [Timing 38-91] UpdateTimingParams: Speed grade: -1, Delay Type: min_max.
INFO: [Timing 38-191] Multithreading enabled for timing update using a maximum of 2 CPUs
Running Vector-less Activity Propagation...

Finished Running Vector-less Activity Propagation
Attempting to get a license for feature 'Implementation' and/or device 'xc7z020'
INFO: [Common 17-349] Got license for feature 'Implementation' and/or device 'xc7z020'
Running DRC as a precondition to command write_bitstream
INFO: [DRC 23-27] Running DRC with 2 threads
WARNING: [DRC 23-20] Rule violation (BUFC-1) Input Buffer Connections - Input buffer spi_rtl_sck_iobuf/IBUF (in spi_rtl_sck_iobuf macro) has no loads. An input buffer must drive an internal load.
WARNING: [DRC 23-20] Rule violation (BUFC-1) Input Buffer Connections - Input buffer spi_rtl_ss_iobuf_0/IBUF (in spi_rtl_ss_iobuf_0 macro) has no loads. An input buffer must drive an internal load.
INFO: [Vivado 12-3199] DRC finished with 0 Errors, 2 Warnings
INFO: [Vivado 12-3200] Please refer to the DRC report (report_drc) for more information.
Loading data files...
Loading site data...
Loading route data...
Processing options...
Creating bitmap...
Creating bitstream...
Writing bitstream ./design_1_wrapper.bit...
INFO: [Vivado 12-1842] Bitgen Completed Successfully.
INFO: [Project 1-118] WebTalk data collection is enabled (User setting is ON. Install Setting is ON.).
INFO: [Common 17-186] 'D:/ProyectosXILINX/Practica_3/project_3B/project_3.runs/impl_1/usage_statistics_webtalk.xml' has been successfully sent to Xilinx on Tue Nov 29 13:16:28 2016. For additional details about this file, please refer to the WebTalk help file at C:/Xilinx/Vivado/2015.4/doc/webtalk_introduction.html.
INFO: [Common 17-83] Releasing license: Implementation
write_bitstream: Time (s): cpu = 00:00:35 ; elapsed = 00:00:56 . Memory (MB): peak = 1465.188 ; gain = 322.980
INFO: [Common 17-206] Exiting Vivado at Tue Nov 29 13:16:28 2016...

*** Running vivado
    with args -log design_1_wrapper.vdi -applog -m64 -messageDb vivado.pb -mode batch -source design_1_wrapper.tcl -notrace


****** Vivado v2015.4 (64-bit)
  **** SW Build 1412921 on Wed Nov 18 09:43:45 MST 2015
  **** IP Build 1412160 on Tue Nov 17 13:47:24 MST 2015
    ** Copyright 1986-2015 Xilinx, Inc. All Rights Reserved.

source design_1_wrapper.tcl -notrace
Command: open_checkpoint design_1_wrapper_routed.dcp
INFO: [Netlist 29-17] Analyzing 34 Unisim elements for replacement
INFO: [Netlist 29-28] Unisim Transformation completed in 0 CPU seconds
INFO: [Project 1-479] Netlist was created with Vivado 2015.4
INFO: [Device 21-403] Loading part xc7z020clg484-1
INFO: [Project 1-570] Preparing netlist for logic optimization
Parsing XDC File [D:/ProyectosXILINX/Practica_3/project_3B/project_3.runs/impl_1/.Xil/Vivado-6560-/dcp/design_1_wrapper_early.xdc]
Finished Parsing XDC File [D:/ProyectosXILINX/Practica_3/project_3B/project_3.runs/impl_1/.Xil/Vivado-6560-/dcp/design_1_wrapper_early.xdc]
Parsing XDC File [D:/ProyectosXILINX/Practica_3/project_3B/project_3.runs/impl_1/.Xil/Vivado-6560-/dcp/design_1_wrapper.xdc]
Finished Parsing XDC File [D:/ProyectosXILINX/Practica_3/project_3B/project_3.runs/impl_1/.Xil/Vivado-6560-/dcp/design_1_wrapper.xdc]
Parsing XDC File [D:/ProyectosXILINX/Practica_3/project_3B/project_3.runs/impl_1/.Xil/Vivado-6560-/dcp/design_1_wrapper_late.xdc]
INFO: [Timing 38-35] Done setting XDC timing constraints. [D:/ProyectosXILINX/Practica_3/project_3B/project_3.srcs/sources_1/bd/design_1/ip/design_1_axi_quad_spi_0_0/design_1_axi_quad_spi_0_0_clocks.xdc:50]
all_fanout: Time (s): cpu = 00:00:19 ; elapsed = 00:00:22 . Memory (MB): peak = 972.102 ; gain = 472.465
Finished Parsing XDC File [D:/ProyectosXILINX/Practica_3/project_3B/project_3.runs/impl_1/.Xil/Vivado-6560-/dcp/design_1_wrapper_late.xdc]
Reading XDEF placement.
Reading placer database...
Reading XDEF routing.
Read XDEF File: Time (s): cpu = 00:00:00 ; elapsed = 00:00:00.854 . Memory (MB): peak = 975.664 ; gain = 3.453
Restored from archive | CPU: 0.000000 secs | Memory: 0.000000 MB |
Finished XDEF File Restore: Time (s): cpu = 00:00:00 ; elapsed = 00:00:00.854 . Memory (MB): peak = 975.664 ; gain = 3.453
INFO: [Project 1-111] Unisim Transformation Summary:
  A total of 8 instances were transformed.
  IOBUF => IOBUF (IBUF, OBUFT): 4 instances
  RAM32M => RAM32M (RAMS32, RAMS32, RAMD32, RAMD32, RAMD32, RAMD32, RAMD32, RAMD32): 4 instances

INFO: [Project 1-604] Checkpoint was created with Vivado v2015.4 (64-bit) build 1412921
open_checkpoint: Time (s): cpu = 00:00:31 ; elapsed = 00:00:43 . Memory (MB): peak = 975.664 ; gain = 788.352
Attempting to get a license for feature 'Implementation' and/or device 'xc7z020'
INFO: [Common 17-349] Got license for feature 'Implementation' and/or device 'xc7z020'
Running DRC as a precondition to command write_bitstream
INFO: [DRC 23-27] Running DRC with 2 threads
WARNING: [DRC 23-20] Rule violation (BUFC-1) Input Buffer Connections - Input buffer spi_rtl_sck_iobuf/IBUF (in spi_rtl_sck_iobuf macro) has no loads. An input buffer must drive an internal load.
WARNING: [DRC 23-20] Rule violation (BUFC-1) Input Buffer Connections - Input buffer spi_rtl_ss_iobuf_0/IBUF (in spi_rtl_ss_iobuf_0 macro) has no loads. An input buffer must drive an internal load.
INFO: [Vivado 12-3199] DRC finished with 0 Errors, 2 Warnings
INFO: [Vivado 12-3200] Please refer to the DRC report (report_drc) for more information.
Loading data files...
Loading site data...
Loading route data...
Processing options...
Creating bitmap...
Creating bitstream...
Writing bitstream ./design_1_wrapper.bit...
INFO: [Vivado 12-1842] Bitgen Completed Successfully.
INFO: [Project 1-118] WebTalk data collection is enabled (User setting is ON. Install Setting is ON.).
INFO: [Common 17-186] 'D:/ProyectosXILINX/Practica_3/project_3B/project_3.runs/impl_1/usage_statistics_webtalk.xml' has been successfully sent to Xilinx on Tue Nov 29 13:24:47 2016. For additional details about this file, please refer to the WebTalk help file at C:/Xilinx/Vivado/2015.4/doc/webtalk_introduction.html.
INFO: [Common 17-83] Releasing license: Implementation
write_bitstream: Time (s): cpu = 00:00:32 ; elapsed = 00:00:53 . Memory (MB): peak = 1326.938 ; gain = 351.273
INFO: [Common 17-206] Exiting Vivado at Tue Nov 29 13:24:48 2016...
