#
# A fatal error has been detected by the Java Runtime Environment:
#
#  EXCEPTION_UNCAUGHT_CXX_EXCEPTION (0xe06d7363) at pc=0x00007ffb16717788, pid=9228, tid=3368
#
# JRE version: Java(TM) SE Runtime Environment (8.0_45-b15) (build 1.8.0_45-b15)
# Java VM: Java HotSpot(TM) 64-Bit Server VM (25.45-b02 mixed mode windows-amd64 compressed oops)
# Problematic frame:
# C  [KERNELBASE.dll+0x17788]
#
# Failed to write core dump. Minidumps are not enabled by default on client versions of Windows
#
# If you would like to submit a bug report, please visit:
#   http://bugreport.java.com/bugreport/crash.jsp
#

---------------  T H R E A D  ---------------

Current thread (0x00000000140f9000):  VMThread [stack: 0x0000000015dd0000,0x0000000015ed0000] [id=3368]

siginfo: ExceptionCode=0xe06d7363, ExceptionInformation=0x0000000019930520 0x0000000015ecf448 0x00007ffadc6d2cb8 0x00007ffadc620000 

Registers:
RAX=0x004c0044002e006c, RBX=0x00007ffadc6d2cb8, RCX=0x000000000000004c, RDX=0x0000000000000000
RSP=0x0000000015ecf290, RBP=0x0000000015ecf3d0, RSI=0x00000000ffffffff, RDI=0x00000000289d05b0
R8 =0x0000000000000000, R9 =0x0000000000000000, R10=0x0000000000000000, R11=0x0000000000000000
R12=0x0000000000000001, R13=0x0000000000000008, R14=0x0000000000000000, R15=0xffffffffffffffff
RIP=0x00007ffb16717788, EFLAGS=0x0000000000000206

Top of Stack: (sp=0x0000000015ecf290)
0x0000000015ecf290:   0000000000000000 00007ffadc6d2cb8
0x0000000015ecf2a0:   00000000ffffffff 00000000289d05b0
0x0000000015ecf2b0:   00000001e06d7363 0000000000000000
0x0000000015ecf2c0:   00007ffb16717788 0000000000000004
0x0000000015ecf2d0:   0000000019930520 0000000015ecf448
0x0000000015ecf2e0:   00007ffadc6d2cb8 00007ffadc620000
0x0000000015ecf2f0:   0000000000000008 0000000000000001
0x0000000015ecf300:   00000000289d05b0 00000000ffffffff
0x0000000015ecf310:   0000000015ecf3d0 00007ffb198eb02f
0x0000000015ecf320:   0000000015ecf3e0 0000000000000000
0x0000000015ecf330:   000001d90697c336 0000000000000001
0x0000000015ecf340:   00007ffadc6e9000 00007ffadc620000
0x0000000015ecf350:   0000c539d21e3b20 00000000000003ff
0x0000000015ecf360:   00007ffadc6d2cb8 00007ffadc67e92c
0x0000000015ecf370:   000000000000001f 0000000000000008
0x0000000015ecf380:   0000000000000001 00000000289d05b0 

Instructions: (pc=0x00007ffb16717788)
0x00007ffb16717768:   49 8b d1 44 0f 47 c0 44 89 44 24 38 49 c1 e0 03
0x00007ffb16717778:   e8 57 54 06 00 48 8d 4c 24 20 ff 15 a0 08 13 00
0x00007ffb16717788:   48 8b 8c 24 c0 00 00 00 48 33 cc e8 e8 19 06 00
0x00007ffb16717798:   48 81 c4 d8 00 00 00 c3 83 64 24 38 00 eb d6 cc 


Register to memory mapping:

RAX=0x004c0044002e006c is an unknown value
RBX=0x00007ffadc6d2cb8 is an unknown value
RCX=0x000000000000004c is an unknown value
RDX=0x0000000000000000 is an unknown value
RSP=0x0000000015ecf290 is an unknown value
RBP=0x0000000015ecf3d0 is an unknown value
RSI=0x00000000ffffffff is an unallocated location in the heap
RDI=0x00000000289d05b0 is an unknown value
R8 =0x0000000000000000 is an unknown value
R9 =0x0000000000000000 is an unknown value
R10=0x0000000000000000 is an unknown value
R11=0x0000000000000000 is an unknown value
R12=0x0000000000000001 is an unknown value
R13=0x0000000000000008 is an unknown value
R14=0x0000000000000000 is an unknown value
R15=0xffffffffffffffff is an unknown value


Stack: [0x0000000015dd0000,0x0000000015ed0000],  sp=0x0000000015ecf290,  free space=1020k
Native frames: (J=compiled Java code, j=interpreted, Vv=VM code, C=native code)
C  [KERNELBASE.dll+0x17788]
C  [MSVCR110.dll+0x5e92c]
C  [MSVCR110.dll+0x1315c]
C  [MSVCR110.dll+0x136a9]
C  [MSVCR110.dll+0x13e9c]
C  [MSVCR110.dll+0x239e]
C  [MSVCR110.dll+0xaf9e]
C  [MSVCP110.dll+0x397b9]
C  [librdi_common.dll+0x14283e]
C  [librdi_common.dll+0x141449]
C  0x00007ffb0c042400
C  0x00007ffb0c042682
C  [ntdll.dll+0x29d9f]
C  [ntdll.dll+0x806b]
C  [ntdll.dll+0x7d94]
C  [KERNEL32.DLL+0x1ce6a]
C  [MSVCR100.dll+0x20ccd]
V  [jvm.dll+0x20f135]
V  [jvm.dll+0x247ef7]
V  [jvm.dll+0x247196]
V  [jvm.dll+0x247631]
V  [jvm.dll+0x24784e]
V  [jvm.dll+0x29853a]
C  [MSVCR100.dll+0x21d9f]
C  [MSVCR100.dll+0x21e3b]
C  [KERNEL32.DLL+0x8364]
C  [ntdll.dll+0x65e91]

VM_Operation (0x000000000014f500): Exit, mode: safepoint, requested by thread 0x000000000288e000


---------------  P R O C E S S  ---------------

Java Threads: ( => current thread )
  0x0000000019f14000 JavaThread "Spawner Reaper" daemon [_thread_in_native, id=12748, stack(0x0000000079520000,0x0000000079620000)]
  0x0000000019f12800 JavaThread "pool-2-thread-5" [_thread_blocked, id=12468, stack(0x0000000076c20000,0x0000000076d20000)]
  0x0000000019f0e000 JavaThread "pool-2-thread-4" [_thread_blocked, id=8200, stack(0x0000000074f20000,0x0000000075020000)]
  0x000000001c644000 JavaThread "pool-2-thread-3" [_thread_blocked, id=5680, stack(0x0000000073e20000,0x0000000073f20000)]
  0x0000000016e6c000 JavaThread "pool-2-thread-2" [_thread_blocked, id=13848, stack(0x0000000072320000,0x0000000072420000)]
  0x0000000016e62800 JavaThread "pool-2-thread-1" [_thread_blocked, id=7604, stack(0x0000000070ca0000,0x0000000070da0000)]
  0x0000000016e6c800 JavaThread "Thread-175" daemon [_thread_blocked, id=10968, stack(0x0000000041050000,0x0000000041150000)]
  0x000000001bf2e000 JavaThread "TCF Locator DNS Lookup" daemon [_thread_blocked, id=3084, stack(0x0000000022880000,0x0000000022980000)]
  0x000000001bf34000 JavaThread "TCF Locator Timer" daemon [_thread_blocked, id=8236, stack(0x0000000022780000,0x0000000022880000)]
  0x000000001bf2f000 JavaThread "TCF Locator Receiver" daemon [_thread_in_native, id=4696, stack(0x0000000022680000,0x0000000022780000)]
  0x000000001bf33800 JavaThread "TCF Timer Dispatcher" daemon [_thread_blocked, id=9540, stack(0x0000000022480000,0x0000000022580000)]
  0x0000000019e27800 JavaThread "EMF Reference Cleaner" daemon [_thread_blocked, id=14752, stack(0x000000001ae60000,0x000000001af60000)]
  0x0000000016130800 JavaThread "Service Thread" daemon [_thread_blocked, id=4192, stack(0x0000000016ad0000,0x0000000016bd0000)]
  0x0000000016110800 JavaThread "C1 CompilerThread3" daemon [_thread_blocked, id=2652, stack(0x00000000169d0000,0x0000000016ad0000)]
  0x0000000016100000 JavaThread "C2 CompilerThread2" daemon [_thread_blocked, id=8068, stack(0x00000000168d0000,0x00000000169d0000)]
  0x00000000160fe000 JavaThread "C2 CompilerThread1" daemon [_thread_blocked, id=7508, stack(0x00000000167d0000,0x00000000168d0000)]
  0x00000000160fb800 JavaThread "C2 CompilerThread0" daemon [_thread_blocked, id=13276, stack(0x00000000166d0000,0x00000000167d0000)]
  0x00000000160f9000 JavaThread "Attach Listener" daemon [_thread_blocked, id=1996, stack(0x00000000165d0000,0x00000000166d0000)]
  0x00000000160f8000 JavaThread "Signal Dispatcher" daemon [_thread_blocked, id=11420, stack(0x00000000164d0000,0x00000000165d0000)]
  0x00000000027d9000 JavaThread "Finalizer" daemon [_thread_blocked, id=9476, stack(0x0000000015fd0000,0x00000000160d0000)]
  0x00000000140fd000 JavaThread "Reference Handler" daemon [_thread_blocked, id=4916, stack(0x0000000015ed0000,0x0000000015fd0000)]
  0x000000000288e000 JavaThread "main" [_thread_blocked, id=12780, stack(0x0000000000050000,0x0000000000150000)]

Other Threads:
=>0x00000000140f9000 VMThread [stack: 0x0000000015dd0000,0x0000000015ed0000] [id=3368]

VM state:at safepoint (shutting down)

VM Mutex/Monitor currently owned by a thread:  ([mutex/lock_event])
[0x000000000288d260] Threads_lock - owner thread: 0x00000000140f9000

Heap:
 PSYoungGen      total 150528K, used 42878K [0x00000000f5580000, 0x00000000ff380000, 0x0000000100000000)
  eden space 145408K, 29% used [0x00000000f5580000,0x00000000f7f5f938,0x00000000fe380000)
  from space 5120K, 0% used [0x00000000fe480000,0x00000000fe480000,0x00000000fe980000)
  to   space 8192K, 0% used [0x00000000feb80000,0x00000000feb80000,0x00000000ff380000)
 ParOldGen       total 89088K, used 51397K [0x00000000e0000000, 0x00000000e5700000, 0x00000000f5580000)
  object space 89088K, 57% used [0x00000000e0000000,0x00000000e32315c8,0x00000000e5700000)
 Metaspace       used 97104K, capacity 104198K, committed 104576K, reserved 1140736K
  class space    used 11614K, capacity 13827K, committed 13952K, reserved 1048576K

Card table byte_map: [0x0000000011c50000,0x0000000011d60000] byte_map_base: 0x0000000011550000

Marking Bits: (ParMarkBitMap*) 0x0000000058614040
 Begin Bits: [0x0000000012610000, 0x0000000012e10000)
 End Bits:   [0x0000000012e10000, 0x0000000013610000)

Polling page: 0x0000000002600000

CodeCache: size=245760Kb used=66937Kb max_used=66937Kb free=178822Kb
 bounds [0x0000000002890000, 0x0000000006a70000, 0x0000000011890000]
 total_blobs=17751 nmethods=16885 adapters=772
 compilation: enabled

Compilation events (10 events):
Event: 4581.950 Thread 0x00000000160fb800 nmethod 22310 0x0000000006a5a810 code [0x0000000006a5a9e0, 0x0000000006a5b900]
Event: 4582.028 Thread 0x0000000016100000 nmethod 22302 0x0000000006a61490 code [0x0000000006a61840, 0x0000000006a64ee0]
Event: 4582.037 Thread 0x0000000016110800 22317   !   3       org.eclipse.osgi.internal.baseadaptor.BaseStorage::compact (215 bytes)
Event: 4582.039 Thread 0x0000000016110800 nmethod 22317 0x0000000006a5d690 code [0x0000000006a5dae0, 0x0000000006a5ffa8]
Event: 4582.160 Thread 0x0000000016110800 22318       3       org.eclipse.osgi.framework.internal.core.AbstractBundle::close (52 bytes)
Event: 4582.161 Thread 0x0000000016110800 nmethod 22318 0x00000000066e08d0 code [0x00000000066e0b00, 0x00000000066e1808]
Event: 4582.161 Thread 0x0000000016110800 22319  s    3       java.util.Hashtable::clear (38 bytes)
Event: 4582.162 Thread 0x0000000016110800 nmethod 22319 0x0000000006a5ced0 code [0x0000000006a5d040, 0x0000000006a5d510]
Event: 4582.162 Thread 0x0000000016110800 22320       3       java.util.concurrent.CopyOnWriteArrayList::indexOf (63 bytes)
Event: 4582.162 Thread 0x0000000016110800 nmethod 22320 0x0000000006a5c650 code [0x0000000006a5c7e0, 0x0000000006a5cc88]

GC Heap History (10 events):
Event: 4458.543 GC heap before
{Heap before GC invocations=162 (full 69):
 PSYoungGen      total 156672K, used 3658K [0x00000000f5580000, 0x00000000ff480000, 0x0000000100000000)
  eden space 150528K, 2% used [0x00000000f5580000,0x00000000f5912a28,0x00000000fe880000)
  from space 6144K, 0% used [0x00000000fee80000,0x00000000fee80000,0x00000000ff480000)
  to   space 6144K, 0% used [0x00000000fe880000,0x00000000fe880000,0x00000000fee80000)
 ParOldGen       total 89088K, used 49940K [0x00000000e0000000, 0x00000000e5700000, 0x00000000f5580000)
  object space 89088K, 56% used [0x00000000e0000000,0x00000000e30c52e8,0x00000000e5700000)
 Metaspace       used 93387K, capacity 100500K, committed 100736K, reserved 1136640K
  class space    used 11031K, capacity 13177K, committed 13184K, reserved 1048576K
Event: 4458.545 GC heap after
Heap after GC invocations=162 (full 69):
 PSYoungGen      total 156672K, used 256K [0x00000000f5580000, 0x00000000ff480000, 0x0000000100000000)
  eden space 150528K, 0% used [0x00000000f5580000,0x00000000f5580000,0x00000000fe880000)
  from space 6144K, 4% used [0x00000000fe880000,0x00000000fe8c0000,0x00000000fee80000)
  to   space 6144K, 0% used [0x00000000fee80000,0x00000000fee80000,0x00000000ff480000)
 ParOldGen       total 89088K, used 49940K [0x00000000e0000000, 0x00000000e5700000, 0x00000000f5580000)
  object space 89088K, 56% used [0x00000000e0000000,0x00000000e30c52e8,0x00000000e5700000)
 Metaspace       used 93387K, capacity 100500K, committed 100736K, reserved 1136640K
  class space    used 11031K, capacity 13177K, committed 13184K, reserved 1048576K
}
Event: 4458.545 GC heap before
{Heap before GC invocations=163 (full 70):
 PSYoungGen      total 156672K, used 256K [0x00000000f5580000, 0x00000000ff480000, 0x0000000100000000)
  eden space 150528K, 0% used [0x00000000f5580000,0x00000000f5580000,0x00000000fe880000)
  from space 6144K, 4% used [0x00000000fe880000,0x00000000fe8c0000,0x00000000fee80000)
  to   space 6144K, 0% used [0x00000000fee80000,0x00000000fee80000,0x00000000ff480000)
 ParOldGen       total 89088K, used 49940K [0x00000000e0000000, 0x00000000e5700000, 0x00000000f5580000)
  object space 89088K, 56% used [0x00000000e0000000,0x00000000e30c52e8,0x00000000e5700000)
 Metaspace       used 93387K, capacity 100500K, committed 100736K, reserved 1136640K
  class space    used 11031K, capacity 13177K, committed 13184K, reserved 1048576K
Event: 4458.746 GC heap after
Heap after GC invocations=163 (full 70):
 PSYoungGen      total 156672K, used 0K [0x00000000f5580000, 0x00000000ff480000, 0x0000000100000000)
  eden space 150528K, 0% used [0x00000000f5580000,0x00000000f5580000,0x00000000fe880000)
  from space 6144K, 0% used [0x00000000fe880000,0x00000000fe880000,0x00000000fee80000)
  to   space 6144K, 0% used [0x00000000fee80000,0x00000000fee80000,0x00000000ff480000)
 ParOldGen       total 89088K, used 49446K [0x00000000e0000000, 0x00000000e5700000, 0x00000000f5580000)
  object space 89088K, 55% used [0x00000000e0000000,0x00000000e3049ac0,0x00000000e5700000)
 Metaspace       used 93387K, capacity 100500K, committed 100736K, reserved 1136640K
  class space    used 11031K, capacity 13177K, committed 13184K, reserved 1048576K
}
Event: 4569.088 GC heap before
{Heap before GC invocations=164 (full 70):
 PSYoungGen      total 156672K, used 150528K [0x00000000f5580000, 0x00000000ff480000, 0x0000000100000000)
  eden space 150528K, 100% used [0x00000000f5580000,0x00000000fe880000,0x00000000fe880000)
  from space 6144K, 0% used [0x00000000fe880000,0x00000000fe880000,0x00000000fee80000)
  to   space 6144K, 0% used [0x00000000fee80000,0x00000000fee80000,0x00000000ff480000)
 ParOldGen       total 89088K, used 49446K [0x00000000e0000000, 0x00000000e5700000, 0x00000000f5580000)
  object space 89088K, 55% used [0x00000000e0000000,0x00000000e3049ac0,0x00000000e5700000)
 Metaspace       used 96442K, capacity 103596K, committed 103680K, reserved 1138688K
  class space    used 11544K, capacity 13760K, committed 13824K, reserved 1048576K
Event: 4569.095 GC heap after
Heap after GC invocations=164 (full 70):
 PSYoungGen      total 151552K, used 6130K [0x00000000f5580000, 0x00000000ff480000, 0x0000000100000000)
  eden space 145408K, 0% used [0x00000000f5580000,0x00000000f5580000,0x00000000fe380000)
  from space 6144K, 99% used [0x00000000fee80000,0x00000000ff47c858,0x00000000ff480000)
  to   space 8192K, 0% used [0x00000000fe480000,0x00000000fe480000,0x00000000fec80000)
 ParOldGen       total 89088K, used 50980K [0x00000000e0000000, 0x00000000e5700000, 0x00000000f5580000)
  object space 89088K, 57% used [0x00000000e0000000,0x00000000e31c9220,0x00000000e5700000)
 Metaspace       used 96442K, capacity 103596K, committed 103680K, reserved 1138688K
  class space    used 11544K, capacity 13760K, committed 13824K, reserved 1048576K
}
Event: 4573.926 GC heap before
{Heap before GC invocations=165 (full 70):
 PSYoungGen      total 151552K, used 20167K [0x00000000f5580000, 0x00000000ff480000, 0x0000000100000000)
  eden space 145408K, 9% used [0x00000000f5580000,0x00000000f6335648,0x00000000fe380000)
  from space 6144K, 99% used [0x00000000fee80000,0x00000000ff47c858,0x00000000ff480000)
  to   space 8192K, 0% used [0x00000000fe480000,0x00000000fe480000,0x00000000fec80000)
 ParOldGen       total 89088K, used 50980K [0x00000000e0000000, 0x00000000e5700000, 0x00000000f5580000)
  object space 89088K, 57% used [0x00000000e0000000,0x00000000e31c9220,0x00000000e5700000)
 Metaspace       used 96443K, capacity 103596K, committed 103680K, reserved 1138688K
  class space    used 11544K, capacity 13760K, committed 13824K, reserved 1048576K
Event: 4573.930 GC heap after
Heap after GC invocations=165 (full 70):
 PSYoungGen      total 150528K, used 5015K [0x00000000f5580000, 0x00000000ff380000, 0x0000000100000000)
  eden space 145408K, 0% used [0x00000000f5580000,0x00000000f5580000,0x00000000fe380000)
  from space 5120K, 97% used [0x00000000fe480000,0x00000000fe965fc0,0x00000000fe980000)
  to   space 8192K, 0% used [0x00000000feb80000,0x00000000feb80000,0x00000000ff380000)
 ParOldGen       total 89088K, used 50988K [0x00000000e0000000, 0x00000000e5700000, 0x00000000f5580000)
  object space 89088K, 57% used [0x00000000e0000000,0x00000000e31cb220,0x00000000e5700000)
 Metaspace       used 96443K, capacity 103596K, committed 103680K, reserved 1138688K
  class space    used 11544K, capacity 13760K, committed 13824K, reserved 1048576K
}
Event: 4573.930 GC heap before
{Heap before GC invocations=166 (full 71):
 PSYoungGen      total 150528K, used 5015K [0x00000000f5580000, 0x00000000ff380000, 0x0000000100000000)
  eden space 145408K, 0% used [0x00000000f5580000,0x00000000f5580000,0x00000000fe380000)
  from space 5120K, 97% used [0x00000000fe480000,0x00000000fe965fc0,0x00000000fe980000)
  to   space 8192K, 0% used [0x00000000feb80000,0x00000000feb80000,0x00000000ff380000)
 ParOldGen       total 89088K, used 50988K [0x00000000e0000000, 0x00000000e5700000, 0x00000000f5580000)
  object space 89088K, 57% used [0x00000000e0000000,0x00000000e31cb220,0x00000000e5700000)
 Metaspace       used 96443K, capacity 103596K, committed 103680K, reserved 1138688K
  class space    used 11544K, capacity 13760K, committed 13824K, reserved 1048576K
Event: 4574.227 GC heap after
Heap after GC invocations=166 (full 71):
 PSYoungGen      total 150528K, used 0K [0x00000000f5580000, 0x00000000ff380000, 0x0000000100000000)
  eden space 145408K, 0% used [0x00000000f5580000,0x00000000f5580000,0x00000000fe380000)
  from space 5120K, 0% used [0x00000000fe480000,0x00000000fe480000,0x00000000fe980000)
  to   space 8192K, 0% used [0x00000000feb80000,0x00000000feb80000,0x00000000ff380000)
 ParOldGen       total 89088K, used 51397K [0x00000000e0000000, 0x00000000e5700000, 0x00000000f5580000)
  object space 89088K, 57% used [0x00000000e0000000,0x00000000e32315c8,0x00000000e5700000)
 Metaspace       used 96443K, capacity 103596K, committed 103680K, reserved 1138688K
  class space    used 11544K, capacity 13760K, committed 13824K, reserved 1048576K
}

Deoptimization events (10 events):
Event: 4581.932 Thread 0x0000000019f16000 Uncommon trap: reason=unstable_if action=reinterpret pc=0x00000000069a7d70 method=org.eclipse.core.internal.jobs.JobManager.nextJob()Lorg/eclipse/core/runtime/jobs/Job; @ 80
Event: 4581.932 Thread 0x0000000019f16000 Uncommon trap: reason=unstable_if action=reinterpret pc=0x0000000004b53ae4 method=org.eclipse.core.internal.jobs.WorkerPool.startJob(Lorg/eclipse/core/internal/jobs/Worker;)Lorg/eclipse/core/internal/jobs/InternalJob; @ 177
Event: 4581.932 Thread 0x0000000019f11000 Uncommon trap: reason=unstable_if action=reinterpret pc=0x00000000069a7d70 method=org.eclipse.core.internal.jobs.JobManager.nextJob()Lorg/eclipse/core/runtime/jobs/Job; @ 80
Event: 4581.932 Thread 0x0000000019f11000 Uncommon trap: reason=unstable_if action=reinterpret pc=0x0000000004b53ae4 method=org.eclipse.core.internal.jobs.WorkerPool.startJob(Lorg/eclipse/core/internal/jobs/Worker;)Lorg/eclipse/core/internal/jobs/InternalJob; @ 177
Event: 4581.932 Thread 0x0000000019f13000 Uncommon trap: reason=unstable_if action=reinterpret pc=0x0000000004b53ae4 method=org.eclipse.core.internal.jobs.WorkerPool.startJob(Lorg/eclipse/core/internal/jobs/Worker;)Lorg/eclipse/core/internal/jobs/InternalJob; @ 177
Event: 4581.932 Thread 0x0000000016e5d800 Uncommon trap: reason=unstable_if action=reinterpret pc=0x0000000004b53ae4 method=org.eclipse.core.internal.jobs.WorkerPool.startJob(Lorg/eclipse/core/internal/jobs/Worker;)Lorg/eclipse/core/internal/jobs/InternalJob; @ 177
Event: 4581.932 Thread 0x0000000019f0e800 Uncommon trap: reason=unstable_if action=reinterpret pc=0x0000000004b53ae4 method=org.eclipse.core.internal.jobs.WorkerPool.startJob(Lorg/eclipse/core/internal/jobs/Worker;)Lorg/eclipse/core/internal/jobs/InternalJob; @ 177
Event: 4581.932 Thread 0x000000001bf31000 Uncommon trap: reason=unstable_if action=reinterpret pc=0x0000000004b53ae4 method=org.eclipse.core.internal.jobs.WorkerPool.startJob(Lorg/eclipse/core/internal/jobs/Worker;)Lorg/eclipse/core/internal/jobs/InternalJob; @ 177
Event: 4581.933 Thread 0x0000000016e65000 Uncommon trap: reason=unstable_if action=reinterpret pc=0x0000000004b53ae4 method=org.eclipse.core.internal.jobs.WorkerPool.startJob(Lorg/eclipse/core/internal/jobs/Worker;)Lorg/eclipse/core/internal/jobs/InternalJob; @ 177
Event: 4582.161 Thread 0x000000000288e000 Uncommon trap: reason=unstable_if action=reinterpret pc=0x000000000345db48 method=sun.reflect.UnsafeStaticObjectFieldAccessorImpl.set(Ljava/lang/Object;Ljava/lang/Object;)V @ 13

Internal exceptions (10 events):
Event: 4581.141 Thread 0x000000000288e000 Implicit null exception at 0x00000000056c5050 to 0x00000000056c538d
Event: 4581.142 Thread 0x000000000288e000 Implicit null exception at 0x00000000053d7ea7 to 0x00000000053d7f25
Event: 4581.286 Thread 0x0000000016e66800 Exception <a 'java/lang/InterruptedException'> (0x00000000f794adf8) thrown at [C:\re\workspace\8-2-build-windows-amd64-cygwin\jdk8u45\3627\hotspot\src\share\vm\runtime\objectMonitor.cpp, line 1683]
Event: 4581.291 Thread 0x000000000288e000 Implicit null exception at 0x00000000032f95cf to 0x00000000032fbad5
Event: 4581.943 Thread 0x000000001741c800 Exception <a 'java/lang/InterruptedException': sleep interrupted> (0x00000000f7cb3df0) thrown at [C:\re\workspace\8-2-build-windows-amd64-cygwin\jdk8u45\3627\hotspot\src\share\vm\prims\jvm.cpp, line 3211]
Event: 4581.945 Thread 0x000000001c000000 Exception <a 'java/lang/InterruptedException'> (0x00000000f7cc8f20) thrown at [C:\re\workspace\8-2-build-windows-amd64-cygwin\jdk8u45\3627\hotspot\src\share\vm\runtime\objectMonitor.cpp, line 1683]
Event: 4581.945 Thread 0x0000000017497800 Exception <a 'java/lang/InterruptedException'> (0x00000000f7cef590) thrown at [C:\re\workspace\8-2-build-windows-amd64-cygwin\jdk8u45\3627\hotspot\src\share\vm\runtime\objectMonitor.cpp, line 1683]
Event: 4582.160 Thread 0x0000000017990800 Exception <a 'java/lang/InterruptedException'> (0x00000000f7cb3c70) thrown at [C:\re\workspace\8-2-build-windows-amd64-cygwin\jdk8u45\3627\hotspot\src\share\vm\runtime\objectMonitor.cpp, line 1683]
Event: 4582.161 Thread 0x000000000288e000 Implicit null exception at 0x000000000345d757 to 0x000000000345db35
Event: 4582.162 Thread 0x0000000019f14800 Exception <a 'java/io/IOException'> (0x00000000f7f2f2f8) thrown at [C:\re\workspace\8-2-build-windows-amd64-cygwin\jdk8u45\3627\hotspot\src\share\vm\prims\jni.cpp, line 709]

Events (10 events):
Event: 4582.161 loading class java/util/IdentityHashMap$IdentityHashMapIterator
Event: 4582.161 loading class java/util/IdentityHashMap$IdentityHashMapIterator done
Event: 4582.161 loading class java/util/IdentityHashMap$KeyIterator done
Event: 4582.161 Thread 0x0000000019f14800 Thread added: 0x0000000019f14800
Event: 4582.161 Executing VM operation: RevokeBias
Event: 4582.161 Executing VM operation: RevokeBias done
Event: 4582.162 Executing VM operation: RevokeBias
Event: 4582.162 Executing VM operation: RevokeBias done
Event: 4582.162 Thread 0x0000000019f14800 Thread exited: 0x0000000019f14800
Event: 4582.162 Executing VM operation: Exit


Dynamic libraries:
0x0000000000400000 - 0x000000000044f000 	E:\Vivado\SDK\2015.4\eclipse\win64.o\eclipse.exe
0x00007ffb198a0000 - 0x00007ffb19a71000 	C:\WINDOWS\SYSTEM32\ntdll.dll
0x00007ffb170b0000 - 0x00007ffb1715b000 	C:\WINDOWS\System32\KERNEL32.DLL
0x00007ffb16700000 - 0x00007ffb1691d000 	C:\WINDOWS\System32\KERNELBASE.dll
0x00007ffb17410000 - 0x00007ffb17575000 	C:\WINDOWS\System32\USER32.dll
0x00007ffb16b60000 - 0x00007ffb16b7e000 	C:\WINDOWS\System32\win32u.dll
0x00007ffb17360000 - 0x00007ffb17394000 	C:\WINDOWS\System32\GDI32.dll
0x00007ffb15e90000 - 0x00007ffb16012000 	C:\WINDOWS\System32\gdi32full.dll
0x00007ffb17010000 - 0x00007ffb170ae000 	C:\WINDOWS\System32\msvcrt.dll
0x00007ffb0a0a0000 - 0x00007ffb0a319000 	C:\WINDOWS\WinSxS\amd64_microsoft.windows.common-controls_6595b64144ccf1df_6.0.14393.447_none_42191651c6827bb3\COMCTL32.dll
0x00007ffb17580000 - 0x00007ffb17847000 	C:\WINDOWS\System32\combase.dll
0x00007ffb16c20000 - 0x00007ffb16d15000 	C:\WINDOWS\System32\ucrtbase.dll
0x00007ffb19670000 - 0x00007ffb19791000 	C:\WINDOWS\System32\RPCRT4.dll
0x00007ffb16920000 - 0x00007ffb1698a000 	C:\WINDOWS\System32\bcryptPrimitives.dll
0x00007ffb19870000 - 0x00007ffb1989e000 	C:\WINDOWS\System32\IMM32.DLL
0x0000000072000000 - 0x0000000072012000 	E:\Vivado\SDK\2015.4\eclipse\win64.o\plugins\org.eclipse.equinox.launcher.win32.win32.x86_64_1.1.200.v20140116-2212\eclipse_1503.dll
0x00007ffb171d0000 - 0x00007ffb17272000 	C:\WINDOWS\System32\ADVAPI32.dll
0x00007ffb17850000 - 0x00007ffb178a9000 	C:\WINDOWS\System32\sechost.dll
0x00007ffb08e00000 - 0x00007ffb08e0a000 	C:\WINDOWS\SYSTEM32\VERSION.dll
0x00007ffb14490000 - 0x00007ffb14525000 	C:\WINDOWS\system32\uxtheme.dll
0x00007ffb17ad0000 - 0x00007ffb17c2b000 	C:\WINDOWS\System32\MSCTF.dll
0x00007ffb197a0000 - 0x00007ffb1985f000 	C:\WINDOWS\System32\OLEAUT32.dll
0x00007ffb16b80000 - 0x00007ffb16c1c000 	C:\WINDOWS\System32\msvcp_win.dll
0x0000000057e10000 - 0x0000000058693000 	E:\Vivado\SDK\2015.4\tps\win64\jre\bin\server\jvm.dll
0x00007ffb19860000 - 0x00007ffb19868000 	C:\WINDOWS\System32\PSAPI.DLL
0x0000000059710000 - 0x00000000597e2000 	C:\WINDOWS\SYSTEM32\MSVCR100.dll
0x00007ffb13330000 - 0x00007ffb13339000 	C:\WINDOWS\SYSTEM32\WSOCK32.dll
0x00007ffb141c0000 - 0x00007ffb141e3000 	C:\WINDOWS\SYSTEM32\WINMM.dll
0x00007ffb173a0000 - 0x00007ffb1740a000 	C:\WINDOWS\System32\WS2_32.dll
0x00007ffb14160000 - 0x00007ffb1418b000 	C:\WINDOWS\SYSTEM32\WINMMBASE.dll
0x00007ffb15e40000 - 0x00007ffb15e82000 	C:\WINDOWS\System32\cfgmgr32.dll
0x0000000057cd0000 - 0x0000000057cdf000 	E:\Vivado\SDK\2015.4\tps\win64\jre\bin\verify.dll
0x0000000057ca0000 - 0x0000000057cc9000 	E:\Vivado\SDK\2015.4\tps\win64\jre\bin\java.dll
0x0000000057c80000 - 0x0000000057c96000 	E:\Vivado\SDK\2015.4\tps\win64\jre\bin\zip.dll
0x00007ffb17c30000 - 0x00007ffb19139000 	C:\WINDOWS\System32\SHELL32.dll
0x00007ffb16020000 - 0x00007ffb166fa000 	C:\WINDOWS\System32\windows.storage.dll
0x00007ffb15d00000 - 0x00007ffb15d4c000 	C:\WINDOWS\System32\powrprof.dll
0x00007ffb178b0000 - 0x00007ffb17902000 	C:\WINDOWS\System32\shlwapi.dll
0x00007ffb15d50000 - 0x00007ffb15d5f000 	C:\WINDOWS\System32\kernel.appcore.dll
0x00007ffb15d90000 - 0x00007ffb15e39000 	C:\WINDOWS\System32\shcore.dll
0x00007ffb15d70000 - 0x00007ffb15d84000 	C:\WINDOWS\System32\profapi.dll
0x00007ffb15770000 - 0x00007ffb15787000 	C:\WINDOWS\SYSTEM32\CRYPTSP.dll
0x00007ffb15680000 - 0x00007ffb156b3000 	C:\WINDOWS\system32\rsaenh.dll
0x00007ffb15c40000 - 0x00007ffb15c6b000 	C:\WINDOWS\SYSTEM32\bcrypt.dll
0x00007ffb15380000 - 0x00007ffb1539f000 	C:\WINDOWS\SYSTEM32\USERENV.dll
0x00007ffb15790000 - 0x00007ffb1579b000 	C:\WINDOWS\SYSTEM32\CRYPTBASE.dll
0x0000000057c60000 - 0x0000000057c7a000 	E:\Vivado\SDK\2015.4\tps\win64\jre\bin\net.dll
0x00007ffb15500000 - 0x00007ffb1555c000 	C:\WINDOWS\system32\mswsock.dll
0x00007ffb15290000 - 0x00007ffb152c8000 	C:\WINDOWS\SYSTEM32\IPHLPAPI.DLL
0x00007ffb171c0000 - 0x00007ffb171c8000 	C:\WINDOWS\System32\NSI.dll
0x00007ffb10c00000 - 0x00007ffb10c16000 	C:\WINDOWS\SYSTEM32\dhcpcsvc6.DLL
0x00007ffb10be0000 - 0x00007ffb10bfa000 	C:\WINDOWS\SYSTEM32\dhcpcsvc.DLL
0x0000000057c40000 - 0x0000000057c51000 	E:\Vivado\SDK\2015.4\tps\win64\jre\bin\nio.dll
0x00007ffb0c450000 - 0x00007ffb0c466000 	C:\WINDOWS\system32\napinsp.dll
0x00007ffb0d110000 - 0x00007ffb0d12a000 	C:\WINDOWS\system32\pnrpnsp.dll
0x00007ffb13990000 - 0x00007ffb139a8000 	C:\WINDOWS\system32\NLAapi.dll
0x00007ffb152e0000 - 0x00007ffb15380000 	C:\WINDOWS\SYSTEM32\DNSAPI.dll
0x00007ffb0d180000 - 0x00007ffb0d18e000 	C:\WINDOWS\System32\winrnr.dll
0x00007ffb0d190000 - 0x00007ffb0d1a5000 	C:\WINDOWS\System32\wshbth.dll
0x00007ffb0f900000 - 0x00007ffb0f90a000 	C:\Windows\System32\rasadhlp.dll
0x00007ffb0f960000 - 0x00007ffb0f9ca000 	C:\WINDOWS\System32\fwpuclnt.dll
0x000000001ad40000 - 0x000000001ade8000 	C:\Users\crisa\.Xilinx\SDK\2015.4\org.eclipse.osgi\bundles\303\1\.cp\swt-win32-4335.dll
0x00007ffb16e30000 - 0x00007ffb16f67000 	C:\WINDOWS\System32\ole32.dll
0x00007ffb19570000 - 0x00007ffb1966a000 	C:\WINDOWS\System32\comdlg32.dll
0x00007ffb16990000 - 0x00007ffb16b59000 	C:\WINDOWS\System32\CRYPT32.dll
0x00007ffb15d60000 - 0x00007ffb15d70000 	C:\WINDOWS\System32\MSASN1.dll
0x00007ffb0ffa0000 - 0x00007ffb10025000 	C:\WINDOWS\SYSTEM32\WINSPOOL.DRV
0x00007ffb0da90000 - 0x00007ffb0daa9000 	C:\WINDOWS\SYSTEM32\USP10.dll
0x00007ffb0d430000 - 0x00007ffb0d6c3000 	C:\WINDOWS\SYSTEM32\WININET.dll
0x00007ffb13930000 - 0x00007ffb13956000 	C:\WINDOWS\system32\dwmapi.dll
0x00007ffb13660000 - 0x00007ffb137e5000 	C:\WINDOWS\SYSTEM32\propsys.dll
0x00007ffb16f70000 - 0x00007ffb1700f000 	C:\WINDOWS\System32\clbcatq.dll
0x0000000002830000 - 0x000000000284e000 	C:\Users\crisa\.Xilinx\SDK\2015.4\org.eclipse.osgi\bundles\303\1\.cp\swt-gdip-win32-4335.dll
0x00007ffb04f60000 - 0x00007ffb050fa000 	C:\WINDOWS\WinSxS\amd64_microsoft.windows.gdiplus_6595b64144ccf1df_1.1.14393.321_none_72fe05dd211a5fae\gdiplus.dll
0x00007ffb12ba0000 - 0x00007ffb12d48000 	C:\WINDOWS\SYSTEM32\WindowsCodecs.dll
0x0000000180000000 - 0x0000000180012000 	C:\Users\crisa\.Xilinx\SDK\2015.4\org.eclipse.osgi\bundles\121\1\.cp\os\win32\x86_64\localfile_1_0_0.dll
0x00007ffb0c140000 - 0x00007ffb0c151000 	C:\Users\crisa\.Xilinx\SDK\2015.4\org.eclipse.osgi\bundles\124\1\.cp\jWinHttp-1.0.0.dll
0x00007ffb12a60000 - 0x00007ffb12b2d000 	C:\WINDOWS\SYSTEM32\WINHTTP.dll
0x00007ffb0ce40000 - 0x00007ffb0cea5000 	C:\WINDOWS\SYSTEM32\oleacc.dll
0x00007ffb04a90000 - 0x00007ffb04ad9000 	C:\WINDOWS\system32\dataexchange.dll
0x00007ffb139e0000 - 0x00007ffb13b31000 	C:\WINDOWS\system32\dcomp.dll
0x00007ffb12100000 - 0x00007ffb123b6000 	C:\WINDOWS\system32\d3d11.dll
0x00007ffb14c90000 - 0x00007ffb14d2f000 	C:\WINDOWS\system32\dxgi.dll
0x00007ffb14730000 - 0x00007ffb1484c000 	C:\WINDOWS\system32\twinapi.appcore.dll
0x00007ffb00fb0000 - 0x00007ffb00fef000 	C:\WINDOWS\system32\mlang.dll
0x00007ffb0c360000 - 0x00007ffb0c36f000 	E:\Vivado\SDK\2015.4\lib\win64.o\librdi_repo_manager.dll
0x00007ffaff940000 - 0x00007ffaff96a000 	E:\Vivado\SDK\2015.4\lib\win64.o\libisl_sysinfo.dll
0x00007ffafc260000 - 0x00007ffafc2b4000 	E:\Vivado\SDK\2015.4\lib\win64.o\librdi_commonxillic.dll
0x00007ffad61d0000 - 0x00007ffad63bc000 	E:\Vivado\SDK\2015.4\lib\win64.o\librdi_hsm.dll
0x00007ffab39f0000 - 0x00007ffab437d000 	E:\Vivado\SDK\2015.4\lib\win64.o\librdi_common.dll
0x00007ffadc620000 - 0x00007ffadc6f4000 	C:\WINDOWS\SYSTEM32\MSVCR110.dll
0x00007ffadc990000 - 0x00007ffadca37000 	C:\WINDOWS\SYSTEM32\MSVCP110.dll
0x00007ffad5fb0000 - 0x00007ffad61ce000 	E:\Vivado\SDK\2015.4\lib\win64.o\libXil_lmgr11.dll
0x00007ffae49f0000 - 0x00007ffae4a12000 	E:\Vivado\SDK\2015.4\lib\win64.o\libboost_filesystem.dll
0x00007ffadce40000 - 0x00007ffadcf3a000 	E:\Vivado\SDK\2015.4\lib\win64.o\libboost_regex.dll
0x00007ffb16d20000 - 0x00007ffb16d75000 	C:\WINDOWS\System32\WINTRUST.dll
0x00007ffb0c020000 - 0x00007ffb0c029000 	E:\Vivado\SDK\2015.4\lib\win64.o\libboost_system.dll
0x00007ffab3680000 - 0x00007ffab39ee000 	E:\Vivado\SDK\2015.4\lib\win64.o\libCOIN-all.dll
0x00007ffb0a6f0000 - 0x00007ffb0a700000 	E:\Vivado\SDK\2015.4\lib\win64.o\libboost_date_time.dll
0x00007ffadcdc0000 - 0x00007ffadce34000 	E:\Vivado\SDK\2015.4\lib\win64.o\libboost_program_options.dll
0x00007ffae49a0000 - 0x00007ffae49e3000 	E:\Vivado\SDK\2015.4\lib\win64.o\librdi_hdf.dll
0x00007ffab3420000 - 0x00007ffab3675000 	E:\Vivado\SDK\2015.4\lib\win64.o\librdi_ippcw.dll
0x0000000057ce0000 - 0x0000000057e07000 	E:\Vivado\SDK\2015.4\lib\win64.o\tcl85t.dll
0x00007ffaeec40000 - 0x00007ffaeec53000 	E:\Vivado\SDK\2015.4\lib\win64.o\libboost_signals.dll
0x00007ffaed950000 - 0x00007ffaed96d000 	E:\Vivado\SDK\2015.4\lib\win64.o\libboost_thread.dll
0x00007ffb06410000 - 0x00007ffb0641b000 	E:\Vivado\SDK\2015.4\lib\win64.o\libboost_xilinx.dll
0x00007ffadcab0000 - 0x00007ffadcb30000 	E:\Vivado\SDK\2015.4\lib\win64.o\libhdlpsolve.dll
0x00007ffad9080000 - 0x00007ffad911a000 	E:\Vivado\SDK\2015.4\lib\win64.o\libhdxml.dll
0x00007ffab2fe0000 - 0x00007ffab3414e00 	E:\Vivado\SDK\2015.4\lib\win64.o\libisl_iostreams.dll
0x00007ffaed130000 - 0x00007ffaed145000 	E:\Vivado\SDK\2015.4\lib\win64.o\pthreadVC2.dll
0x00007ffad8f50000 - 0x00007ffad9080000 	E:\Vivado\SDK\2015.4\lib\win64.o\librdi_curl.dll
0x00007ffadcda0000 - 0x00007ffadcdb8000 	E:\Vivado\SDK\2015.4\lib\win64.o\librdiconfig.dll
0x00007ffadca80000 - 0x00007ffadcaa3000 	E:\Vivado\SDK\2015.4\lib\win64.o\librdizlib.dll
0x00007ffb0dec0000 - 0x00007ffb0e082000 	C:\WINDOWS\SYSTEM32\urlmon.dll
0x00007ffaf9a30000 - 0x00007ffaf9a53000 	C:\WINDOWS\SYSTEM32\VCOMP110.DLL
0x0000000023f50000 - 0x00000000241b3000 	E:\Vivado\SDK\2015.4\lib\win64.o\xerces-c_3_1.dll
0x00007ffb0d250000 - 0x00007ffb0d268000 	C:\WINDOWS\SYSTEM32\NETAPI32.dll
0x00007ffb04ee0000 - 0x00007ffb04eeb000 	E:\Vivado\SDK\2015.4\lib\win64.o\libboost_chrono.dll
0x00007ffb0dae0000 - 0x00007ffb0dd83000 	C:\WINDOWS\SYSTEM32\iertutil.dll
0x00007ffadca50000 - 0x00007ffadca73000 	E:\Vivado\SDK\2015.4\lib\win64.o\libisl_iosutils.dll
0x00007ffadb830000 - 0x00007ffadb846000 	E:\Vivado\SDK\2015.4\lib\win64.o\libboost_iostreams.dll
0x00007ffb14230000 - 0x00007ffb14237000 	C:\WINDOWS\SYSTEM32\msimg32.dll
0x00007ffb07150000 - 0x00007ffb07192000 	C:\WINDOWS\SYSTEM32\edputil.dll
0x00007ffab1f90000 - 0x00007ffab27a0000 	E:\Vivado\SDK\2015.4\lib\win64.o\libXil_lmgr11FNP.dll
0x00007ffb19140000 - 0x00007ffb19569000 	C:\WINDOWS\System32\SETUPAPI.dll
0x00007ffb019f0000 - 0x00007ffb019fc000 	C:\WINDOWS\SYSTEM32\snmpapi.dll
0x00007ffb15970000 - 0x00007ffb1599c000 	C:\WINDOWS\SYSTEM32\SspiCli.dll
0x00007ffb14940000 - 0x00007ffb14968000 	C:\WINDOWS\SYSTEM32\DEVOBJ.dll

VM Arguments:
jvm_args: -Dcom.xilinx.sdk.args.hwspec=E:/Workspaces/Workspace_Vivado/Practica2/project_2/project_2.sdk/design_1_wrapper.hdf -Xms64m -Xmx512m & 
java_command: <unknown>
java_class_path (initial): E:\Vivado\SDK\2015.4\eclipse\win64.o\\plugins/org.eclipse.equinox.launcher_1.3.0.v20130327-1440.jar
Launcher Type: generic

Environment Variables:
PATH=E:/Vivado/SDK/2015.4/tps/win64/jre/bin/server;E:/Vivado/SDK/2015.4/tps/win64/jre/bin;E:/Vivado/SDK/2015.4/tps/win64/jre/lib/amd64;E:\Vivado\SDK\2015.4\gnuwin\bin;E:\Vivado\SDK\2015.4\gnu\microblaze\nt\bin;E:\Vivado\SDK\2015.4\gnu\microblaze\linux_toolchain\nt64_le\bin;E:\Vivado\SDK\2015.4\gnu\microblaze\linux_toolchain\nt64_be\bin;E:\Vivado\SDK\2015.4\gnu\arm\nt\bin;E:\Vivado\SDK\2015.4\gnu\aarch64\nt\aarch64-none\bin;E:\Vivado\SDK\2015.4\gnu\aarch64\nt\aarch64-linux\bin;E:\Vivado\SDK\2015.4\gnu\armr5\nt\gcc-arm-none-eabi\bin;E:\Vivado\SDK\2015.4\gnu\aarch32\nt\gcc-arm-none-eabi\bin;E:\Vivado\SDK\2015.4\gnu\aarch32\nt\gcc-arm-linux-gnueabi\bin;E:\Vivado\SDK\2015.4\bin;E:\Vivado\SDK\2015.4\lib\win64.o;E:\Vivado\SDK\2015.4\tps\win64\jre\bin\server;E:\Vivado\SDK\2015.4\tps\win64\jre\bin;E:\Vivado\Vivado\2015.4\ids_lite\ISE\bin\nt64;E:\Vivado\Vivado\2015.4\ids_lite\ISE\lib\nt64;E:\Vivado\Vivado\2015.4\bin;E:\Vivado\Vivado\2015.4\lib\win64.o;E:\Vivado\Vivado\2015.4\tps\win64\jre\bin\server;E:\Vivado\Vivado\2015.4\tps\win64\jre\bin;E:\Vivado\Vivado_HLS\2015.4\bin;C:\ProgramData\Oracle\Java\javapath;C:\Windows\system32;C:\Windows;C:\Windows\System32\Wbem;C:\Windows\System32\WindowsPowerShell\v1.0\;C:\Program Files (x86)\NVIDIA Corporation\PhysX\Common;C:\Program Files (x86)\Bitvise SSH Client;E:\Miktex\miktex\bin\x64\;C:\Program Files (x86)\PuTTY\;C:\WINDOWS\system32\config\systemprofile\.dnx\bin;C:\Program Files\Microsoft DNX\Dnvm\;C:\Program Files\Microsoft SQL Server\120\Tools\Binn\;C:\Program Files\Microsoft SQL Server\130\Tools\Binn\;C:\Users\crisa\AppData\Local\Microsoft\WindowsApps;C:\Users\crisa\AppData\Local\atom\bin;C:\Program Files (x86)\Microsoft VS Code\bin;E:\Workspaces\Workspace_Vivado\Practica2\project_2;
USERNAME=crisa
OS=Windows_NT
PROCESSOR_IDENTIFIER=Intel64 Family 6 Model 58 Stepping 9, GenuineIntel



---------------  S Y S T E M  ---------------

OS: Windows 10.0 , 64 bit Build 14393 (10.0.14393.0)

CPU:total 8 (4 cores per cpu, 2 threads per core) family 6 model 58 stepping 9, cmov, cx8, fxsr, mmx, sse, sse2, sse3, ssse3, sse4.1, sse4.2, popcnt, avx, aes, clmul, erms, ht, tsc, tscinvbit, tscinv

Memory: 4k page, physical 25055480k(17692620k free), swap 28725496k(20767444k free)

vm_info: Java HotSpot(TM) 64-Bit Server VM (25.45-b02) for windows-amd64 JRE (1.8.0_45-b15), built on Apr 30 2015 12:40:44 by "java_re" with MS VC++ 10.0 (VS2010)

time: Thu Nov 24 18:04:13 2016
elapsed time: 4582 seconds (0d 1h 16m 22s)

