#-----------------------------------------------------------
# Vivado v2015.4 (64-bit)
# SW Build 1412921 on Wed Nov 18 09:43:45 MST 2015
# IP Build 1412160 on Tue Nov 17 13:47:24 MST 2015
# Start of session at: Thu Nov 24 16:44:04 2016
# Process ID: 5720
# Current directory: E:/Workspaces/Workspace_Vivado/Practica2/project_2
# Command line: vivado.exe -gui_launcher_event rodinguilauncherevent4932 E:\Workspaces\Workspace_Vivado\Practica2\project_2\project_2.xpr
# Log file: E:/Workspaces/Workspace_Vivado/Practica2/project_2/vivado.log
# Journal file: E:/Workspaces/Workspace_Vivado/Practica2/project_2\vivado.jou
#-----------------------------------------------------------
start_gui
open_project E:/Workspaces/Workspace_Vivado/Practica2/project_2/project_2.xpr
INFO: [Project 1-313] Project file moved from 'D:/ProyectosXILINX/Practica2/project_2' since last save.
Scanning sources...
Finished scanning sources
INFO: [IP_Flow 19-234] Refreshing IP repositories
INFO: [IP_Flow 19-1704] No user IP repositories specified
INFO: [IP_Flow 19-2313] Loaded Vivado IP repository 'E:/Vivado/Vivado/2015.4/data/ip'.
open_project: Time (s): cpu = 00:00:19 ; elapsed = 00:00:09 . Memory (MB): peak = 894.582 ; gain = 298.914
launch_sdk -workspace E:/Workspaces/Workspace_Vivado/Practica2/project_2/project_2.sdk -hwspec E:/Workspaces/Workspace_Vivado/Practica2/project_2/project_2.sdk/design_1_wrapper.hdf
INFO: [Vivado 12-393] Launching SDK...
INFO: [Vivado 12-417] Running xsdk -workspace E:/Workspaces/Workspace_Vivado/Practica2/project_2/project_2.sdk -hwspec E:/Workspaces/Workspace_Vivado/Practica2/project_2/project_2.sdk/design_1_wrapper.hdf
INFO: [Vivado 12-3157] SDK launch initiated. Please check console for any further messages.
reset_run impl_1 -prev_step 
launch_runs impl_1 -to_step write_bitstream
[Thu Nov 24 16:45:22 2016] Launched impl_1...
Run output will be captured here: E:/Workspaces/Workspace_Vivado/Practica2/project_2/project_2.runs/impl_1/runme.log
launch_runs: Time (s): cpu = 00:00:01 ; elapsed = 00:00:05 . Memory (MB): peak = 894.582 ; gain = 0.000
open_run impl_1
INFO: [Netlist 29-17] Analyzing 42 Unisim elements for replacement
INFO: [Netlist 29-28] Unisim Transformation completed in 0 CPU seconds
INFO: [Project 1-479] Netlist was created with Vivado 2015.4
INFO: [Device 21-403] Loading part xc7z020clg484-1
INFO: [Project 1-570] Preparing netlist for logic optimization
Parsing XDC File [E:/Workspaces/Workspace_Vivado/Practica2/project_2/.Xil/Vivado-5720-MountainWindows/dcp/design_1_wrapper_early.xdc]
Finished Parsing XDC File [E:/Workspaces/Workspace_Vivado/Practica2/project_2/.Xil/Vivado-5720-MountainWindows/dcp/design_1_wrapper_early.xdc]
Parsing XDC File [E:/Workspaces/Workspace_Vivado/Practica2/project_2/.Xil/Vivado-5720-MountainWindows/dcp/design_1_wrapper.xdc]
Finished Parsing XDC File [E:/Workspaces/Workspace_Vivado/Practica2/project_2/.Xil/Vivado-5720-MountainWindows/dcp/design_1_wrapper.xdc]
Parsing XDC File [E:/Workspaces/Workspace_Vivado/Practica2/project_2/.Xil/Vivado-5720-MountainWindows/dcp/design_1_wrapper_late.xdc]
INFO: [Timing 38-35] Done setting XDC timing constraints. [E:/Workspaces/Workspace_Vivado/Practica2/project_2/project_2.srcs/sources_1/bd/design_1/ip/design_1_axi_quad_spi_0_0/design_1_axi_quad_spi_0_0_clocks.xdc:50]
all_fanout: Time (s): cpu = 00:00:14 ; elapsed = 00:00:13 . Memory (MB): peak = 1582.133 ; gain = 466.820
Finished Parsing XDC File [E:/Workspaces/Workspace_Vivado/Practica2/project_2/.Xil/Vivado-5720-MountainWindows/dcp/design_1_wrapper_late.xdc]
Reading XDEF placement.
Reading placer database...
Reading XDEF routing.
Read XDEF File: Time (s): cpu = 00:00:00 ; elapsed = 00:00:00.487 . Memory (MB): peak = 1585.758 ; gain = 3.543
Restored from archive | CPU: 0.000000 secs | Memory: 0.000000 MB |
Finished XDEF File Restore: Time (s): cpu = 00:00:00 ; elapsed = 00:00:00.487 . Memory (MB): peak = 1585.758 ; gain = 3.543
INFO: [Project 1-111] Unisim Transformation Summary:
  A total of 24 instances were transformed.
  IOBUF => IOBUF (IBUF, OBUFT): 20 instances
  RAM32M => RAM32M (RAMS32, RAMS32, RAMD32, RAMD32, RAMD32, RAMD32, RAMD32, RAMD32): 4 instances

open_run: Time (s): cpu = 00:00:32 ; elapsed = 00:00:29 . Memory (MB): peak = 1742.027 ; gain = 847.445
file copy -force E:/Workspaces/Workspace_Vivado/Practica2/project_2/project_2.runs/impl_1/design_1_wrapper.sysdef E:/Workspaces/Workspace_Vivado/Practica2/project_2/project_2.sdk/design_1_wrapper.hdf

launch_sdk -workspace E:/Workspaces/Workspace_Vivado/Practica2/project_2/project_2.sdk -hwspec E:/Workspaces/Workspace_Vivado/Practica2/project_2/project_2.sdk/design_1_wrapper.hdf
INFO: [Vivado 12-393] Launching SDK...
INFO: [Vivado 12-417] Running xsdk -workspace E:/Workspaces/Workspace_Vivado/Practica2/project_2/project_2.sdk -hwspec E:/Workspaces/Workspace_Vivado/Practica2/project_2/project_2.sdk/design_1_wrapper.hdf
INFO: [Vivado 12-3157] SDK launch initiated. Please check console for any further messages.
exit
INFO: [Common 17-206] Exiting Vivado at Thu Nov 24 18:04:16 2016...
